[ 2018-11-13T17:21:11+08:00 ] 127.0.0.1 /index.php/home/article/detail/aid/13047.html
INFO: [ app_init ] --START--
INFO: Run Behavior\BuildLiteBehavior [ RunTime:0.000032s ]
SQL: SHOW COLUMNS FROM `ot_hooks` [ RunTime:0.0398s ]
SQL: SELECT `name`,`addons` FROM `ot_hooks`  [ RunTime:0.0219s ]
SQL: SHOW COLUMNS FROM `ot_addons` [ RunTime:0.0381s ]
SQL: SELECT `id`,`name` FROM `ot_addons` WHERE `status` = 1 AND `name` IN ('ReturnTop')  [ RunTime:0.0221s ]
SQL: SELECT `id`,`name` FROM `ot_addons` WHERE `status` = 1 AND `name` IN ('Attachment')  [ RunTime:0.0216s ]
SQL: SELECT `id`,`name` FROM `ot_addons` WHERE `status` = 1 AND `name` IN ('Attachment','SocialComment','Avatar')  [ RunTime:0.0220s ]
SQL: SELECT `id`,`name` FROM `ot_addons` WHERE `status` = 1 AND `name` IN ('Attachment')  [ RunTime:0.0218s ]
SQL: SELECT `id`,`name` FROM `ot_addons` WHERE `status` = 1 AND `name` IN ('Editor')  [ RunTime:0.0212s ]
SQL: SELECT `id`,`name` FROM `ot_addons` WHERE `status` = 1 AND `name` IN ('EditorForAdmin')  [ RunTime:0.0217s ]
SQL: SELECT `id`,`name` FROM `ot_addons` WHERE `status` = 1 AND `name` IN ('SiteStat','SystemInfo','DevTeam')  [ RunTime:0.0218s ]
SQL: SELECT `id`,`name` FROM `ot_addons` WHERE `status` = 1 AND `name` IN ('Editor')  [ RunTime:0.0218s ]
SQL: SELECT `id`,`name` FROM `ot_addons` WHERE `status` = 1 AND `name` IN ('PluploadImages')  [ RunTime:0.0215s ]
INFO: Run Common\Behavior\InitHookBehavior [ RunTime:0.425668s ]
INFO: [ app_init ] --END-- [ RunTime:0.426834s ]
INFO: [ app_begin ] --START--

[ 2018-11-13T17:21:12+08:00 ] 127.0.0.1 /index.php/home/other/getcount/?_=1542100871809
INFO: [ app_init ] --START--
INFO: Run Behavior\BuildLiteBehavior [ RunTime:0.000051s ]
INFO: Run Common\Behavior\InitHookBehavior [ RunTime:0.003679s ]
INFO: [ app_init ] --END-- [ RunTime:0.004850s ]
INFO: [ app_begin ] --START--
INFO: Run Behavior\ReadHtmlCacheBehavior [ RunTime:0.004262s ]
INFO: [ app_begin ] --END-- [ RunTime:0.004440s ]
SQL: SHOW COLUMNS FROM `ot_config` [ RunTime:0.0371s ]
SQL: SELECT `type`,`name`,`value` FROM `ot_config` WHERE `status` = 1  [ RunTime:0.0196s ]
SQL: SHOW COLUMNS FROM `ot_keyword_log` [ RunTime:0.0392s ]
SQL: SELECT `title`,count(id) count FROM `ot_keyword_log` GROUP BY title ORDER BY count(id) desc LIMIT 2   [ RunTime:0.0186s ]
NOTIC: [8] Undefined index: tst E:\wwwds\otwebyys\Application\Home\Controller\OtherController.class.php 第 211 行.

[ 2018-11-13T17:21:13+08:00 ] 127.0.0.1 /index.php/home/article/detail/aid/13047.html
INFO: [ app_init ] --START--
INFO: Run Behavior\BuildLiteBehavior [ RunTime:0.000031s ]
INFO: Run Common\Behavior\InitHookBehavior [ RunTime:0.002777s ]
INFO: [ app_init ] --END-- [ RunTime:0.003537s ]
INFO: [ app_begin ] --START--

[ 2018-11-13T17:21:14+08:00 ] 127.0.0.1 /index.php/home/other/getcount/?_=1542100873821
INFO: [ app_init ] --START--
INFO: Run Behavior\BuildLiteBehavior [ RunTime:0.000068s ]
INFO: Run Common\Behavior\InitHookBehavior [ RunTime:0.005005s ]
INFO: [ app_init ] --END-- [ RunTime:0.006946s ]
INFO: [ app_begin ] --START--
INFO: Run Behavior\ReadHtmlCacheBehavior [ RunTime:0.001307s ]
INFO: [ app_begin ] --END-- [ RunTime:0.001524s ]
SQL: SHOW COLUMNS FROM `ot_config` [ RunTime:0.0382s ]
SQL: SELECT `type`,`name`,`value` FROM `ot_config` WHERE `status` = 1  [ RunTime:0.0220s ]
SQL: SHOW COLUMNS FROM `ot_keyword_log` [ RunTime:0.0340s ]
SQL: SELECT `title`,count(id) count FROM `ot_keyword_log` GROUP BY title ORDER BY count(id) desc LIMIT 2   [ RunTime:0.0222s ]
NOTIC: [8] Undefined index: tst E:\wwwds\otwebyys\Application\Home\Controller\OtherController.class.php 第 211 行.

[ 2018-11-13T17:21:17+08:00 ] 127.0.0.1 /index.php/Home/testoss/aliyunoss
INFO: [ app_init ] --START--
INFO: Run Behavior\BuildLiteBehavior [ RunTime:0.000031s ]
INFO: Run Common\Behavior\InitHookBehavior [ RunTime:0.003021s ]
INFO: [ app_init ] --END-- [ RunTime:0.003835s ]
INFO: [ app_begin ] --START--
INFO: Run Behavior\ReadHtmlCacheBehavior [ RunTime:0.000808s ]
INFO: [ app_begin ] --END-- [ RunTime:0.000989s ]
SQL: SHOW COLUMNS FROM `ot_config` [ RunTime:0.0442s ]
SQL: SELECT `type`,`name`,`value` FROM `ot_config` WHERE `status` = 1  [ RunTime:0.0231s ]
NOTIC: [8] Undefined index: img E:\wwwds\otwebyys\Application\Home\Controller\TestossController.class.php 第 41 行.
INFO: [ view_parse ] --START--
INFO: [ template_filter ] --START--
INFO: Run Behavior\ContentReplaceBehavior [ RunTime:0.000180s ]
INFO: [ template_filter ] --END-- [ RunTime:0.000329s ]
NOTIC: [8] Undefined variable: ftitle E:\wwwds\otwebyys\Runtime\Cache\Home\bd560906f679659f4a2f23fd7bd5e250.php 第 5 行.
NOTIC: [8] Undefined variable: ftitle E:\wwwds\otwebyys\Runtime\Cache\Home\bd560906f679659f4a2f23fd7bd5e250.php 第 6 行.
NOTIC: [8] Undefined variable: ftitle E:\wwwds\otwebyys\Runtime\Cache\Home\bd560906f679659f4a2f23fd7bd5e250.php 第 7 行.
NOTIC: [8] Undefined variable: oss_img1 E:\wwwds\otwebyys\Runtime\Cache\Home\bd560906f679659f4a2f23fd7bd5e250.php 第 93 行.
NOTIC: [8] Undefined variable: anliview_data1 E:\wwwds\otwebyys\Runtime\Cache\Home\bd560906f679659f4a2f23fd7bd5e250.php 第 102 行.
NOTIC: [8] Undefined variable: anliview_data1 E:\wwwds\otwebyys\Runtime\Cache\Home\bd560906f679659f4a2f23fd7bd5e250.php 第 102 行.
NOTIC: [8] Undefined variable: anliview_data1 E:\wwwds\otwebyys\Runtime\Cache\Home\bd560906f679659f4a2f23fd7bd5e250.php 第 104 行.
NOTIC: [8] Undefined variable: anliview_data1 E:\wwwds\otwebyys\Runtime\Cache\Home\bd560906f679659f4a2f23fd7bd5e250.php 第 104 行.
INFO: Run Behavior\ParseTemplateBehavior [ RunTime:0.040698s ]
INFO: [ view_parse ] --END-- [ RunTime:0.040858s ]
INFO: [ view_filter ] --START--
INFO: Run Behavior\WriteHtmlCacheBehavior [ RunTime:0.000630s ]
INFO: [ view_filter ] --END-- [ RunTime:0.000795s ]
INFO: [ app_end ] --START--
INFO: Run Behavior\ShowPageTraceBehavior [ RunTime:0.001258s ]
INFO: [ app_end ] --END-- [ RunTime:0.001480s ]

[ 2018-11-13T17:21:18+08:00 ] 127.0.0.1 /index.php/home/other/getcount/?_=1542100878330
INFO: [ app_init ] --START--
INFO: Run Behavior\BuildLiteBehavior [ RunTime:0.000050s ]
INFO: Run Common\Behavior\InitHookBehavior [ RunTime:0.004884s ]
INFO: [ app_init ] --END-- [ RunTime:0.006006s ]
INFO: [ app_begin ] --START--
INFO: Run Behavior\ReadHtmlCacheBehavior [ RunTime:0.001061s ]
INFO: [ app_begin ] --END-- [ RunTime:0.001267s ]
SQL: SHOW COLUMNS FROM `ot_config` [ RunTime:0.0374s ]
SQL: SELECT `type`,`name`,`value` FROM `ot_config` WHERE `status` = 1  [ RunTime:0.0193s ]
SQL: SHOW COLUMNS FROM `ot_keyword_log` [ RunTime:0.0308s ]
SQL: SELECT `title`,count(id) count FROM `ot_keyword_log` GROUP BY title ORDER BY count(id) desc LIMIT 2   [ RunTime:0.0189s ]
NOTIC: [8] Undefined index: tst E:\wwwds\otwebyys\Application\Home\Controller\OtherController.class.php 第 211 行.

[ 2018-11-13T17:21:55+08:00 ] 127.0.0.1 /index.php/Home/testoss/aliyunoss
INFO: [ app_init ] --START--
INFO: Run Behavior\BuildLiteBehavior [ RunTime:0.000034s ]
INFO: Run Common\Behavior\InitHookBehavior [ RunTime:0.002606s ]
INFO: [ app_init ] --END-- [ RunTime:0.003577s ]
INFO: [ app_begin ] --START--
INFO: Run Behavior\ReadHtmlCacheBehavior [ RunTime:0.000677s ]
INFO: [ app_begin ] --END-- [ RunTime:0.000814s ]
SQL: SHOW COLUMNS FROM `ot_config` [ RunTime:0.0436s ]
SQL: SELECT `type`,`name`,`value` FROM `ot_config` WHERE `status` = 1  [ RunTime:0.0202s ]
NOTIC: [8] Undefined index: img E:\wwwds\otwebyys\Application\Home\Controller\TestossController.class.php 第 41 行.
INFO: [ view_parse ] --START--
INFO: [ template_filter ] --START--
INFO: Run Behavior\ContentReplaceBehavior [ RunTime:0.000193s ]
INFO: [ template_filter ] --END-- [ RunTime:0.000336s ]
NOTIC: [8] Undefined variable: ftitle E:\wwwds\otwebyys\Runtime\Cache\Home\bd560906f679659f4a2f23fd7bd5e250.php 第 5 行.
NOTIC: [8] Undefined variable: ftitle E:\wwwds\otwebyys\Runtime\Cache\Home\bd560906f679659f4a2f23fd7bd5e250.php 第 6 行.
NOTIC: [8] Undefined variable: ftitle E:\wwwds\otwebyys\Runtime\Cache\Home\bd560906f679659f4a2f23fd7bd5e250.php 第 7 行.
NOTIC: [8] Undefined variable: oss_img1 E:\wwwds\otwebyys\Runtime\Cache\Home\bd560906f679659f4a2f23fd7bd5e250.php 第 93 行.
NOTIC: [8] Undefined variable: anliview_data1 E:\wwwds\otwebyys\Runtime\Cache\Home\bd560906f679659f4a2f23fd7bd5e250.php 第 102 行.
NOTIC: [8] Undefined variable: anliview_data1 E:\wwwds\otwebyys\Runtime\Cache\Home\bd560906f679659f4a2f23fd7bd5e250.php 第 102 行.
NOTIC: [8] Undefined variable: anliview_data1 E:\wwwds\otwebyys\Runtime\Cache\Home\bd560906f679659f4a2f23fd7bd5e250.php 第 104 行.
NOTIC: [8] Undefined variable: anliview_data1 E:\wwwds\otwebyys\Runtime\Cache\Home\bd560906f679659f4a2f23fd7bd5e250.php 第 104 行.
INFO: Run Behavior\ParseTemplateBehavior [ RunTime:0.018070s ]
INFO: [ view_parse ] --END-- [ RunTime:0.018230s ]
INFO: [ view_filter ] --START--
INFO: Run Behavior\WriteHtmlCacheBehavior [ RunTime:0.000638s ]
INFO: [ view_filter ] --END-- [ RunTime:0.000763s ]
INFO: [ app_end ] --START--
INFO: Run Behavior\ShowPageTraceBehavior [ RunTime:0.000955s ]
INFO: [ app_end ] --END-- [ RunTime:0.001144s ]

[ 2018-11-13T17:21:56+08:00 ] 127.0.0.1 /index.php/home/other/getcount/?_=1542100915889
INFO: [ app_init ] --START--
INFO: Run Behavior\BuildLiteBehavior [ RunTime:0.000052s ]
INFO: Run Common\Behavior\InitHookBehavior [ RunTime:0.005173s ]
INFO: [ app_init ] --END-- [ RunTime:0.006289s ]
INFO: [ app_begin ] --START--
INFO: Run Behavior\ReadHtmlCacheBehavior [ RunTime:0.000764s ]
INFO: [ app_begin ] --END-- [ RunTime:0.000896s ]
SQL: SHOW COLUMNS FROM `ot_config` [ RunTime:0.0436s ]
SQL: SELECT `type`,`name`,`value` FROM `ot_config` WHERE `status` = 1  [ RunTime:0.0257s ]
SQL: SHOW COLUMNS FROM `ot_keyword_log` [ RunTime:0.0377s ]
SQL: SELECT `title`,count(id) count FROM `ot_keyword_log` GROUP BY title ORDER BY count(id) desc LIMIT 2   [ RunTime:0.0227s ]
NOTIC: [8] Undefined index: tst E:\wwwds\otwebyys\Application\Home\Controller\OtherController.class.php 第 211 行.

[ 2018-11-13T17:22:04+08:00 ] 127.0.0.1 /index.php?XDEBUG_SESSION_START=netbeans-xdebug
INFO: [ app_init ] --START--
INFO: Run Behavior\BuildLiteBehavior [ RunTime:0.000064s ]
INFO: Run Common\Behavior\InitHookBehavior [ RunTime:0.003788s ]
INFO: [ app_init ] --END-- [ RunTime:0.004852s ]
INFO: [ app_begin ] --START--
INFO: Run Behavior\ReadHtmlCacheBehavior [ RunTime:0.001021s ]
INFO: [ app_begin ] --END-- [ RunTime:0.001338s ]
SQL: SHOW COLUMNS FROM `ot_config` [ RunTime:0.0445s ]
SQL: SELECT `type`,`name`,`value` FROM `ot_config` WHERE `status` = 1  [ RunTime:0.0291s ]
SQL: select d.title dtitle,a.id,a.mianji,f.ename fenggename,a.loupan,a.home_pos,a.home_sort,p.path picpath from ot_document_anli a 
LEFT JOIN ot_sys_enum_fengge f on a.fengge= f.evalue
LEFT JOIN ot_picture p on a.home_cover=p.id ,ot_document d
where d.status>0 and d.id=a.id and a.home_pos in (1,2,3,4,5,6) and a.home_sort in(1,2,3) order by a.home_sort limit 30 [ RunTime:0.0280s ]
NOTIC: [8] Undefined variable: pic E:\wwwds\otwebyys\Application\Home\Controller\IndexController.class.php 第 54 行.
SQL: select s.id,s.nickname,s.sno,s.linian,s.years,area.ename areaname,s.star_sort,rank.ename rankname,p1.path star_cover,p3.path pathinfo,anli.home_pos_sheji,anli.id aid,anli.mianji,anli.atitle,fengge.ename fenggename,anli.home_cover_sheji,p4.path home_cover_sheji_pic from ot_document_shejishi s 
		    LEFT JOIN ot_picture p1 on s.star_cover=p1.id
		    LEFT JOIN ot_sys_enum_rank rank on s.rank=rank.evalue 
		    LEFT JOIN ot_sys_enum_area area on s.area=area.evalue 
		    LEFT JOIN ot_document_anli anli on s.sno=anli.shejishi and anli.home_pos_sheji in(2,3,5,6) and anli.home_cover_sheji>0 
		    LEFT JOIN ot_picture p4 on anli.home_cover_sheji = p4.id 
		    LEFT JOIN ot_sys_enum_fengge fengge on anli.fengge = fengge.evalue  
		    ,ot_document d
		    LEFT JOIN ot_picture p3 on d.cover_id=p3.id
		    where s.id=d.id
		    and d.`status`=1 and s.star_sort in(1,2,3) ORDER BY star_sort,anli.home_pos_sheji LIMIT 30 [ RunTime:0.0371s ]
SQL: select DISTINCT r.evalue,r.ename from ot_sys_enum_fengge r where r.ename not like '%其他%' and r.`isvalid`>0 ORDER BY r.disorder [ RunTime:0.0266s ]
SQL: select DISTINCT r.evalue,r.ename from ot_document_shejishi s,ot_document d,ot_sys_enum_rank r where s.aid=d.id and s.rank=r.evalue and d.`status`>0 ORDER BY r.disorder [ RunTime:0.0269s ]
SQL: SHOW COLUMNS FROM `ot_document` [ RunTime:0.0400s ]
SQL: SHOW COLUMNS FROM `ot_document_loupan` [ RunTime:0.0442s ]
SQL: SHOW COLUMNS FROM `ot_area` [ RunTime:0.0536s ]
SQL: SHOW COLUMNS FROM `ot_picture` [ RunTime:0.0438s ]
SQL: SELECT document.id AS did,document.uid AS uid,document.name AS dname,document.title AS dtitle,document.category_id AS category_id,document.group_id AS group_id,document.description AS description,document.root AS root,document.pid AS pid,document.model_id AS model_id,document.type AS dtype,document.position AS position,document.link_id AS link_id,document.cover_id AS cover_id,document.view AS view,document.comment AS comment,document.extend AS extend,document.level AS level,document.status AS status,document.create_time AS create_time,document.litpic AS litpic,document_loupan.id AS id,document_loupan.imgids AS imgids,document_loupan.custnum AS custnum,document_loupan.areaid AS areaid,document_loupan.ltype AS ltype,document_loupan.lastupdatenum AS lastupdatenum,area.AreaName AS AreaName,picture.path AS picpath FROM ot_document document  JOIN ot_document_loupan document_loupan ON document_loupan.id=document.id LEFT JOIN ot_area area ON document_loupan.areaid=area.areaid LEFT JOIN ot_picture picture ON document.cover_id=picture.id WHERE document.status = '1' AND document_loupan.ltype = '2' ORDER BY document.level desc LIMIT 0,12   [ RunTime:0.0281s ]
NOTIC: [2] Invalid argument supplied for foreach() E:\wwwds\otwebyys\Application\Home\Controller\IndexController.class.php 第 113 行.
SQL: SHOW COLUMNS FROM `ot_document_article` [ RunTime:0.0429s ]
SQL: SELECT document.id AS did,document.uid AS uid,document.name AS dname,document.title AS dtitle,document.category_id AS category_id,document.group_id AS group_id,document.description AS description,document.root AS root,document.pid AS pid,document.model_id AS model_id,document.type AS dtype,document.position AS position,document.link_id AS link_id,document.cover_id AS cover_id,document.view AS view,document.comment AS comment,document.extend AS extend,document.level AS level,document.status AS status,document.create_time AS create_time,document.litpic AS litpic,document_article.id AS id,document_article.parse AS parse,document_article.content AS content,document_article.template AS template,document_article.bookmark AS bookmark,document_article.ftype AS ftype,picture.path AS picpath FROM ot_document document  JOIN ot_document_article document_article ON document_article.id=document.id LEFT JOIN ot_picture picture ON document.cover_id=picture.id WHERE document.status = 1 AND document_article.ftype = '4' ORDER BY document.create_time desc,document.level ASC LIMIT 4   [ RunTime:0.0292s ]
SQL: SELECT document.id AS did,document.uid AS uid,document.name AS dname,document.title AS dtitle,document.category_id AS category_id,document.group_id AS group_id,document.description AS description,document.root AS root,document.pid AS pid,document.model_id AS model_id,document.type AS dtype,document.position AS position,document.link_id AS link_id,document.cover_id AS cover_id,document.view AS view,document.comment AS comment,document.extend AS extend,document.level AS level,document.status AS status,document.create_time AS create_time,document.litpic AS litpic,document_article.id AS id,document_article.parse AS parse,document_article.content AS content,document_article.template AS template,document_article.bookmark AS bookmark,document_article.ftype AS ftype,picture.path AS picpath FROM ot_document document  JOIN ot_document_article document_article ON document_article.id=document.id LEFT JOIN ot_picture picture ON document.cover_id=picture.id WHERE document.status = 1 AND document_article.ftype = '5' ORDER BY document.create_time desc,document.level ASC LIMIT 5   [ RunTime:0.0274s ]
SQL: SELECT document.id AS did,document.uid AS uid,document.name AS dname,document.title AS dtitle,document.category_id AS category_id,document.group_id AS group_id,document.description AS description,document.root AS root,document.pid AS pid,document.model_id AS model_id,document.type AS dtype,document.position AS position,document.link_id AS link_id,document.cover_id AS cover_id,document.view AS view,document.comment AS comment,document.extend AS extend,document.level AS level,document.status AS status,document.create_time AS create_time,document.litpic AS litpic,document_article.id AS id,document_article.parse AS parse,document_article.content AS content,document_article.template AS template,document_article.bookmark AS bookmark,document_article.ftype AS ftype,picture.path AS picpath FROM ot_document document  JOIN ot_document_article document_article ON document_article.id=document.id LEFT JOIN ot_picture picture ON document.cover_id=picture.id WHERE document.status = 1 AND document_article.ftype = '6' ORDER BY document.create_time desc,document.level ASC LIMIT 4   [ RunTime:0.0276s ]
SQL: select a.id,d.title,d.description from ot_document d,ot_document_article a where d.id=a.id and a.home_tj=1 ORDER BY a.id DESC LIMIT 1 [ RunTime:0.0256s ]
NOTIC: [8] Undefined offset: 0 E:\wwwds\otwebyys\Application\Home\Controller\IndexController.class.php 第 167 行.
INFO: [ view_parse ] --START--
INFO: [ template_filter ] --START--
INFO: Run Behavior\ContentReplaceBehavior [ RunTime:0.001334s ]
INFO: [ template_filter ] --END-- [ RunTime:0.001872s ]
NOTIC: [8] Undefined index: s1 E:\wwwds\otwebyys\Runtime\Cache\Home\769e70f2e46f34ceb60619bbda5e4691.php 第 1176 行.
NOTIC: [8] Undefined index: s1 E:\wwwds\otwebyys\Runtime\Cache\Home\769e70f2e46f34ceb60619bbda5e4691.php 第 1180 行.
NOTIC: [8] Undefined index: s1 E:\wwwds\otwebyys\Runtime\Cache\Home\769e70f2e46f34ceb60619bbda5e4691.php 第 1181 行.
NOTIC: [8] Undefined index: s1 E:\wwwds\otwebyys\Runtime\Cache\Home\769e70f2e46f34ceb60619bbda5e4691.php 第 1186 行.
NOTIC: [8] Undefined index: s1 E:\wwwds\otwebyys\Runtime\Cache\Home\769e70f2e46f34ceb60619bbda5e4691.php 第 1197 行.
NOTIC: [8] Undefined index: s1 E:\wwwds\otwebyys\Runtime\Cache\Home\769e70f2e46f34ceb60619bbda5e4691.php 第 1201 行.
NOTIC: [8] Undefined index: s1 E:\wwwds\otwebyys\Runtime\Cache\Home\769e70f2e46f34ceb60619bbda5e4691.php 第 1205 行.
NOTIC: [8] Undefined index: s1 E:\wwwds\otwebyys\Runtime\Cache\Home\769e70f2e46f34ceb60619bbda5e4691.php 第 1215 行.
NOTIC: [8] Undefined index: s1 E:\wwwds\otwebyys\Runtime\Cache\Home\769e70f2e46f34ceb60619bbda5e4691.php 第 1219 行.
NOTIC: [8] Undefined index: s1 E:\wwwds\otwebyys\Runtime\Cache\Home\769e70f2e46f34ceb60619bbda5e4691.php 第 1223 行.
NOTIC: [8] Undefined index: s1 E:\wwwds\otwebyys\Runtime\Cache\Home\769e70f2e46f34ceb60619bbda5e4691.php 第 1237 行.
NOTIC: [8] Undefined index: s1 E:\wwwds\otwebyys\Runtime\Cache\Home\769e70f2e46f34ceb60619bbda5e4691.php 第 1239 行.
NOTIC: [8] Undefined index: s1 E:\wwwds\otwebyys\Runtime\Cache\Home\769e70f2e46f34ceb60619bbda5e4691.php 第 1241 行.
NOTIC: [8] Undefined index: s1 E:\wwwds\otwebyys\Runtime\Cache\Home\769e70f2e46f34ceb60619bbda5e4691.php 第 1241 行.
NOTIC: [8] Undefined index: s1 E:\wwwds\otwebyys\Runtime\Cache\Home\769e70f2e46f34ceb60619bbda5e4691.php 第 1243 行.
NOTIC: [8] Undefined index: s1 E:\wwwds\otwebyys\Runtime\Cache\Home\769e70f2e46f34ceb60619bbda5e4691.php 第 1250 行.
NOTIC: [8] Undefined index: s1 E:\wwwds\otwebyys\Runtime\Cache\Home\769e70f2e46f34ceb60619bbda5e4691.php 第 1254 行.
NOTIC: [8] Undefined index: s1 E:\wwwds\otwebyys\Runtime\Cache\Home\769e70f2e46f34ceb60619bbda5e4691.php 第 1258 行.
NOTIC: [8] Undefined index: s1 E:\wwwds\otwebyys\Runtime\Cache\Home\769e70f2e46f34ceb60619bbda5e4691.php 第 1271 行.
NOTIC: [8] Undefined index: s1 E:\wwwds\otwebyys\Runtime\Cache\Home\769e70f2e46f34ceb60619bbda5e4691.php 第 1275 行.
NOTIC: [8] Undefined index: s1 E:\wwwds\otwebyys\Runtime\Cache\Home\769e70f2e46f34ceb60619bbda5e4691.php 第 1279 行.
NOTIC: [8] Undefined index: s2 E:\wwwds\otwebyys\Runtime\Cache\Home\769e70f2e46f34ceb60619bbda5e4691.php 第 1295 行.
NOTIC: [8] Undefined index: s2 E:\wwwds\otwebyys\Runtime\Cache\Home\769e70f2e46f34ceb60619bbda5e4691.php 第 1299 行.
NOTIC: [8] Undefined index: s2 E:\wwwds\otwebyys\Runtime\Cache\Home\769e70f2e46f34ceb60619bbda5e4691.php 第 1300 行.
NOTIC: [8] Undefined index: s2 E:\wwwds\otwebyys\Runtime\Cache\Home\769e70f2e46f34ceb60619bbda5e4691.php 第 1305 行.
NOTIC: [8] Undefined index: s2 E:\wwwds\otwebyys\Runtime\Cache\Home\769e70f2e46f34ceb60619bbda5e4691.php 第 1317 行.
NOTIC: [8] Undefined index: s2 E:\wwwds\otwebyys\Runtime\Cache\Home\769e70f2e46f34ceb60619bbda5e4691.php 第 1319 行.
NOTIC: [8] Undefined index: s2 E:\wwwds\otwebyys\Runtime\Cache\Home\769e70f2e46f34ceb60619bbda5e4691.php 第 1321 行.
NOTIC: [8] Undefined index: s2 E:\wwwds\otwebyys\Runtime\Cache\Home\769e70f2e46f34ceb60619bbda5e4691.php 第 1330 行.
NOTIC: [8] Undefined index: s2 E:\wwwds\otwebyys\Runtime\Cache\Home\769e70f2e46f34ceb60619bbda5e4691.php 第 1332 行.
NOTIC: [8] Undefined index: s2 E:\wwwds\otwebyys\Runtime\Cache\Home\769e70f2e46f34ceb60619bbda5e4691.php 第 1334 行.
NOTIC: [8] Undefined index: s2 E:\wwwds\otwebyys\Runtime\Cache\Home\769e70f2e46f34ceb60619bbda5e4691.php 第 1347 行.
NOTIC: [8] Undefined index: s2 E:\wwwds\otwebyys\Runtime\Cache\Home\769e70f2e46f34ceb60619bbda5e4691.php 第 1349 行.
NOTIC: [8] Undefined index: s2 E:\wwwds\otwebyys\Runtime\Cache\Home\769e70f2e46f34ceb60619bbda5e4691.php 第 1351 行.
NOTIC: [8] Undefined index: s2 E:\wwwds\otwebyys\Runtime\Cache\Home\769e70f2e46f34ceb60619bbda5e4691.php 第 1351 行.
NOTIC: [8] Undefined index: s2 E:\wwwds\otwebyys\Runtime\Cache\Home\769e70f2e46f34ceb60619bbda5e4691.php 第 1353 行.
NOTIC: [8] Undefined index: s2 E:\wwwds\otwebyys\Runtime\Cache\Home\769e70f2e46f34ceb60619bbda5e4691.php 第 1361 行.
NOTIC: [8] Undefined index: s2 E:\wwwds\otwebyys\Runtime\Cache\Home\769e70f2e46f34ceb60619bbda5e4691.php 第 1363 行.
NOTIC: [8] Undefined index: s2 E:\wwwds\otwebyys\Runtime\Cache\Home\769e70f2e46f34ceb60619bbda5e4691.php 第 1365 行.
NOTIC: [8] Undefined index: s2 E:\wwwds\otwebyys\Runtime\Cache\Home\769e70f2e46f34ceb60619bbda5e4691.php 第 1377 行.
NOTIC: [8] Undefined index: s2 E:\wwwds\otwebyys\Runtime\Cache\Home\769e70f2e46f34ceb60619bbda5e4691.php 第 1379 行.
NOTIC: [8] Undefined index: s2 E:\wwwds\otwebyys\Runtime\Cache\Home\769e70f2e46f34ceb60619bbda5e4691.php 第 1381 行.
NOTIC: [8] Undefined index: s3 E:\wwwds\otwebyys\Runtime\Cache\Home\769e70f2e46f34ceb60619bbda5e4691.php 第 1396 行.
NOTIC: [8] Undefined index: s3 E:\wwwds\otwebyys\Runtime\Cache\Home\769e70f2e46f34ceb60619bbda5e4691.php 第 1400 行.
NOTIC: [8] Undefined index: s3 E:\wwwds\otwebyys\Runtime\Cache\Home\769e70f2e46f34ceb60619bbda5e4691.php 第 1401 行.
NOTIC: [8] Undefined index: s3 E:\wwwds\otwebyys\Runtime\Cache\Home\769e70f2e46f34ceb60619bbda5e4691.php 第 1404 行.
NOTIC: [8] Undefined index: s3 E:\wwwds\otwebyys\Runtime\Cache\Home\769e70f2e46f34ceb60619bbda5e4691.php 第 1406 行.
NOTIC: [8] Undefined index: s3 E:\wwwds\otwebyys\Runtime\Cache\Home\769e70f2e46f34ceb60619bbda5e4691.php 第 1417 行.
NOTIC: [8] Undefined index: s3 E:\wwwds\otwebyys\Runtime\Cache\Home\769e70f2e46f34ceb60619bbda5e4691.php 第 1419 行.
NOTIC: [8] Undefined index: s3 E:\wwwds\otwebyys\Runtime\Cache\Home\769e70f2e46f34ceb60619bbda5e4691.php 第 1421 行.
NOTIC: [8] Undefined index: s3 E:\wwwds\otwebyys\Runtime\Cache\Home\769e70f2e46f34ceb60619bbda5e4691.php 第 1430 行.
NOTIC: [8] Undefined index: s3 E:\wwwds\otwebyys\Runtime\Cache\Home\769e70f2e46f34ceb60619bbda5e4691.php 第 1432 行.
NOTIC: [8] Undefined index: s3 E:\wwwds\otwebyys\Runtime\Cache\Home\769e70f2e46f34ceb60619bbda5e4691.php 第 1434 行.
NOTIC: [8] Undefined index: s3 E:\wwwds\otwebyys\Runtime\Cache\Home\769e70f2e46f34ceb60619bbda5e4691.php 第 1447 行.
NOTIC: [8] Undefined index: s3 E:\wwwds\otwebyys\Runtime\Cache\Home\769e70f2e46f34ceb60619bbda5e4691.php 第 1449 行.
NOTIC: [8] Undefined index: s3 E:\wwwds\otwebyys\Runtime\Cache\Home\769e70f2e46f34ceb60619bbda5e4691.php 第 1451 行.
NOTIC: [8] Undefined index: s3 E:\wwwds\otwebyys\Runtime\Cache\Home\769e70f2e46f34ceb60619bbda5e4691.php 第 1451 行.
NOTIC: [8] Undefined index: s3 E:\wwwds\otwebyys\Runtime\Cache\Home\769e70f2e46f34ceb60619bbda5e4691.php 第 1453 行.
NOTIC: [8] Undefined index: s3 E:\wwwds\otwebyys\Runtime\Cache\Home\769e70f2e46f34ceb60619bbda5e4691.php 第 1461 行.
NOTIC: [8] Undefined index: s3 E:\wwwds\otwebyys\Runtime\Cache\Home\769e70f2e46f34ceb60619bbda5e4691.php 第 1463 行.
NOTIC: [8] Undefined index: s3 E:\wwwds\otwebyys\Runtime\Cache\Home\769e70f2e46f34ceb60619bbda5e4691.php 第 1465 行.
NOTIC: [8] Undefined index: s3 E:\wwwds\otwebyys\Runtime\Cache\Home\769e70f2e46f34ceb60619bbda5e4691.php 第 1477 行.
NOTIC: [8] Undefined index: s3 E:\wwwds\otwebyys\Runtime\Cache\Home\769e70f2e46f34ceb60619bbda5e4691.php 第 1479 行.
NOTIC: [8] Undefined index: s3 E:\wwwds\otwebyys\Runtime\Cache\Home\769e70f2e46f34ceb60619bbda5e4691.php 第 1481 行.
NOTIC: [8] Undefined index: title E:\wwwds\otwebyys\Runtime\Cache\Home\769e70f2e46f34ceb60619bbda5e4691.php 第 1724 行.
NOTIC: [8] Undefined index: title E:\wwwds\otwebyys\Runtime\Cache\Home\769e70f2e46f34ceb60619bbda5e4691.php 第 1744 行.
INFO: Run Behavior\ParseTemplateBehavior [ RunTime:0.255450s ]
INFO: [ view_parse ] --END-- [ RunTime:0.255947s ]
INFO: [ view_filter ] --START--
INFO: Run Behavior\WriteHtmlCacheBehavior [ RunTime:0.000913s ]
INFO: [ view_filter ] --END-- [ RunTime:0.001319s ]

[ 2018-11-13T17:22:07+08:00 ] 127.0.0.1 /index.php/Home/Article/index.html
INFO: [ app_init ] --START--
INFO: Run Behavior\BuildLiteBehavior [ RunTime:0.000074s ]
INFO: Run Common\Behavior\InitHookBehavior [ RunTime:0.005376s ]
INFO: [ app_init ] --END-- [ RunTime:0.006732s ]
INFO: [ app_begin ] --START--
INFO: Run Behavior\ReadHtmlCacheBehavior [ RunTime:0.001245s ]
INFO: [ app_begin ] --END-- [ RunTime:0.001578s ]
SQL: SHOW COLUMNS FROM `ot_config` [ RunTime:0.0389s ]
SQL: SELECT `type`,`name`,`value` FROM `ot_config` WHERE `status` = 1  [ RunTime:0.0193s ]
SQL: SHOW COLUMNS FROM `ot_aticle_cate` [ RunTime:0.0395s ]
SQL: SELECT * FROM `ot_aticle_cate` WHERE ( 1 ) ORDER BY displayorder desc  [ RunTime:0.0189s ]
NOTIC: [8] Undefined index: keyword E:\wwwds\otwebyys\Application\Home\Controller\ArticleController.class.php 第 38 行.
NOTIC: [8] Undefined index: page E:\wwwds\otwebyys\Application\Home\Controller\ArticleController.class.php 第 50 行.
NOTIC: [8] Undefined index: ftype E:\wwwds\otwebyys\Application\Home\Controller\ArticleController.class.php 第 55 行.
SQL: SHOW COLUMNS FROM `ot_document` [ RunTime:0.0317s ]
SQL: SHOW COLUMNS FROM `ot_document_article` [ RunTime:0.0324s ]
SQL: SHOW COLUMNS FROM `ot_picture` [ RunTime:0.0318s ]
SQL: SELECT COUNT(*) AS tp_count FROM ot_document document  JOIN ot_document_article document_article ON document_article.id=document.id LEFT JOIN ot_picture picture ON document.cover_id=picture.id WHERE ( document.status=1 and ftype =4 ) LIMIT 1   [ RunTime:0.0194s ]
SQL: SELECT document.id AS did,document.uid AS uid,document.name AS dname,document.title AS dtitle,document.category_id AS category_id,document.group_id AS group_id,document.description AS description,document.root AS root,document.pid AS pid,document.model_id AS model_id,document.type AS dtype,document.position AS position,document.link_id AS link_id,document.cover_id AS cover_id,document.view AS view,document.comment AS comment,document.extend AS extend,document.level AS level,document.status AS status,document.create_time AS create_time,document.litpic AS litpic,document_article.id AS id,document_article.parse AS parse,document_article.content AS content,document_article.template AS template,document_article.bookmark AS bookmark,document_article.ftype AS ftype,picture.path AS picpath FROM ot_document document  JOIN ot_document_article document_article ON document_article.id=document.id LEFT JOIN ot_picture picture ON document.cover_id=picture.id WHERE ( document.status=1 and ftype =4 ) ORDER BY document.level desc,document.id desc LIMIT 0,6   [ RunTime:0.0261s ]
SQL: SHOW COLUMNS FROM `ot_document_anli` [ RunTime:0.0325s ]
SQL: SHOW COLUMNS FROM `ot_document_shejishi` [ RunTime:0.0378s ]
SQL: SHOW COLUMNS FROM `ot_sys_enum_fengge` [ RunTime:0.0321s ]
SQL: SHOW COLUMNS FROM `ot_sys_enum_jushi` [ RunTime:0.0408s ]
SQL: SHOW COLUMNS FROM `ot_sys_enum_fangshi` [ RunTime:0.0428s ]
SQL: SELECT document.id AS did,document.uid AS uid,document.name AS dname,document.title AS dtitle,document.keywords AS keywords,document.description AS description,document.category_id AS category_id,document.group_id AS group_id,document.root AS root,document.pid AS pid,document.model_id AS model_id,document.type AS dtype,document.position AS position,document.link_id AS link_id,document.cover_id AS cover_id,document.view AS view,document.comment AS comment,document.extend AS extend,document.level AS level,document.status AS status,document.create_time AS create_time,document.litpic AS litpic,document_anli.id AS id,document_anli.aid AS aid,document_anli.fengge AS fengge,document_anli.imgids AS imgids,document_anli.shejishi AS shejishi,document_anli.loupan AS loupan,document_anli.mianji AS mianji,document_anli.jushi AS jushi,document_anli.zaojia AS zaojia,document_anli.fangshi AS fangshi,document_anli.zhucai AS zhucai,document_anli.gongqi AS gongqi,document_anli.home_pos AS home_pos,document_anli.home_cover AS home_cover,document_anli.home_sort AS home_sort,document_anli.edate AS edate,document_anli.rzloupan AS rzloupan,document_anli.detailpic AS detailpic,document_shejishi.nickname AS shejishiname,sys_enum_fengge.ename AS fenggename,sys_enum_jushi.ename AS jushiname,sys_enum_fangshi.ename AS fangshiname,picture.path AS picpath FROM ot_document document  JOIN ot_document_anli document_anli ON document_anli.id=document.id LEFT JOIN ot_document_shejishi document_shejishi ON document_anli.shejishi=document_shejishi.sno LEFT JOIN ot_sys_enum_fengge sys_enum_fengge ON document_anli.fengge=sys_enum_fengge.evalue LEFT JOIN ot_sys_enum_jushi sys_enum_jushi ON document_anli.jushi=sys_enum_jushi.evalue LEFT JOIN ot_sys_enum_fangshi sys_enum_fangshi ON document_anli.fangshi=sys_enum_fangshi.evalue LEFT JOIN ot_picture picture ON document.cover_id=picture.id WHERE document.status = 1 ORDER BY document.create_time desc LIMIT 3   [ RunTime:0.0213s ]
INFO: [ view_parse ] --START--
INFO: [ template_filter ] --START--
INFO: Run Behavior\ContentReplaceBehavior [ RunTime:0.000385s ]
INFO: [ template_filter ] --END-- [ RunTime:0.000749s ]
NOTIC: [8] Undefined index: title E:\wwwds\otwebyys\Runtime\Cache\Home\5231e2bbdb7b9edc1f0f29f2bbab2a6e.php 第 243 行.
INFO: Run Behavior\ParseTemplateBehavior [ RunTime:0.054510s ]
INFO: [ view_parse ] --END-- [ RunTime:0.054899s ]
INFO: [ view_filter ] --START--
INFO: Run Behavior\WriteHtmlCacheBehavior [ RunTime:0.000995s ]
INFO: [ view_filter ] --END-- [ RunTime:0.001288s ]
INFO: [ app_end ] --START--
INFO: Run Behavior\ShowPageTraceBehavior [ RunTime:0.002577s ]
INFO: [ app_end ] --END-- [ RunTime:0.003083s ]

[ 2018-11-13T17:22:09+08:00 ] 127.0.0.1 /index.php/home/other/getcount/?_=1542100928920
INFO: [ app_init ] --START--
INFO: Run Behavior\BuildLiteBehavior [ RunTime:0.000071s ]
INFO: Run Common\Behavior\InitHookBehavior [ RunTime:0.006424s ]
INFO: [ app_init ] --END-- [ RunTime:0.008234s ]
INFO: [ app_begin ] --START--
INFO: Run Behavior\ReadHtmlCacheBehavior [ RunTime:0.001245s ]
INFO: [ app_begin ] --END-- [ RunTime:0.001509s ]
SQL: SHOW COLUMNS FROM `ot_config` [ RunTime:0.0376s ]
SQL: SELECT `type`,`name`,`value` FROM `ot_config` WHERE `status` = 1  [ RunTime:0.0210s ]
SQL: SHOW COLUMNS FROM `ot_keyword_log` [ RunTime:0.0334s ]
SQL: SELECT `title`,count(id) count FROM `ot_keyword_log` GROUP BY title ORDER BY count(id) desc LIMIT 2   [ RunTime:0.0188s ]
NOTIC: [8] Undefined index: tst E:\wwwds\otwebyys\Application\Home\Controller\OtherController.class.php 第 211 行.

[ 2018-11-13T17:22:21+08:00 ] 127.0.0.1 /index.php/Home/testoss/aliyunoss
INFO: [ app_init ] --START--
INFO: Run Behavior\BuildLiteBehavior [ RunTime:0.000070s ]
INFO: Run Common\Behavior\InitHookBehavior [ RunTime:0.006229s ]
INFO: [ app_init ] --END-- [ RunTime:0.007597s ]
INFO: [ app_begin ] --START--
INFO: Run Behavior\ReadHtmlCacheBehavior [ RunTime:0.001287s ]
INFO: [ app_begin ] --END-- [ RunTime:0.001602s ]
SQL: SHOW COLUMNS FROM `ot_config` [ RunTime:0.0400s ]
SQL: SELECT `type`,`name`,`value` FROM `ot_config` WHERE `status` = 1  [ RunTime:0.0222s ]
NOTIC: [8] Undefined index: img E:\wwwds\otwebyys\Application\Home\Controller\TestossController.class.php 第 41 行.
NOTIC: [8] Undefined index: message xdebug://debug-eval 第 1 行.
NOTIC: [8] Undefined variable: servicetype xdebug://debug-eval 第 1 行.
NOTIC: [8] Undefined variable: openid xdebug://debug-eval 第 1 行.
NOTIC: [8] Undefined variable: name xdebug://debug-eval 第 1 行.
NOTIC: [8] Undefined variable: mobile xdebug://debug-eval 第 1 行.
NOTIC: [8] Undefined variable: loudong xdebug://debug-eval 第 1 行.
NOTIC: [8] Undefined variable: save xdebug://debug-eval 第 1 行.
NOTIC: [8] Undefined variable: mail_address1 xdebug://debug-eval 第 1 行.
NOTIC: [8] Undefined variable: e xdebug://debug-eval 第 1 行.
NOTIC: [8] Undefined variable: _GPC xdebug://debug-eval 第 1 行.
NOTIC: [8] Use of undefined constant DEVELOPMENT - assumed 'DEVELOPMENT' xdebug://debug-eval 第 1 行.
NOTIC: [8] Undefined variable: url xdebug://debug-eval 第 1 行.
NOTIC: [8] Undefined variable: tmpMap xdebug://debug-eval 第 1 行.
NOTIC: [8] Undefined variable: menu xdebug://debug-eval 第 1 行.
NOTIC: [8] Undefined variable: url xdebug://debug-eval 第 1 行.
NOTIC: [8] Undefined variable: _W xdebug://debug-eval 第 1 行.
NOTIC: [8] Undefined variable: _W xdebug://debug-eval 第 1 行.
NOTIC: [8] Undefined index: __uniacid xdebug://debug-eval 第 1 行.
NOTIC: [8] Use of undefined constant IA_ROOT - assumed 'IA_ROOT' xdebug://debug-eval 第 1 行.
NOTIC: [8] Undefined variable: submitUrl xdebug://debug-eval 第 1 行.
NOTIC: [8] Undefined index: user xdebug://debug-eval 第 1 行.
NOTIC: [8] Undefined index: __merch_uniacid xdebug://debug-eval 第 1 行.
NOTIC: [8] Undefined variable: member xdebug://debug-eval 第 1 行.
NOTIC: [8] Undefined variable: _W xdebug://debug-eval 第 1 行.
NOTIC: [8] Undefined variable: lines xdebug://debug-eval 第 1 行.
NOTIC: [8] Undefined variable: level1_orders xdebug://debug-eval 第 1 行.
NOTIC: [8] Use of undefined constant ptjobdetail - assumed 'ptjobdetail' xdebug://debug-eval 第 1 行.
NOTIC: [2] Illegal string offset 'gold' xdebug://debug-eval 第 1 行.
NOTIC: [8] Use of undefined constant ptjobdetail - assumed 'ptjobdetail' xdebug://debug-eval 第 1 行.
NOTIC: [2] Illegal string offset 'gold' xdebug://debug-eval 第 1 行.
NOTIC: [8] Undefined variable: _GPC xdebug://debug-eval 第 1 行.
NOTIC: [8] Undefined variable: row xdebug://debug-eval 第 1 行.
NOTIC: [8] Undefined variable: row xdebug://debug-eval 第 1 行.
INFO: [ view_parse ] --START--
INFO: [ template_filter ] --START--
INFO: Run Behavior\ContentReplaceBehavior [ RunTime:0.000269s ]
INFO: [ template_filter ] --END-- [ RunTime:0.000663s ]
NOTIC: [8] Undefined variable: ftitle E:\wwwds\otwebyys\Runtime\Cache\Home\bd560906f679659f4a2f23fd7bd5e250.php 第 5 行.
NOTIC: [8] Undefined variable: ftitle E:\wwwds\otwebyys\Runtime\Cache\Home\bd560906f679659f4a2f23fd7bd5e250.php 第 6 行.
NOTIC: [8] Undefined variable: ftitle E:\wwwds\otwebyys\Runtime\Cache\Home\bd560906f679659f4a2f23fd7bd5e250.php 第 7 行.
NOTIC: [8] Undefined variable: oss_img1 E:\wwwds\otwebyys\Runtime\Cache\Home\bd560906f679659f4a2f23fd7bd5e250.php 第 93 行.
NOTIC: [8] Undefined variable: anliview_data1 E:\wwwds\otwebyys\Runtime\Cache\Home\bd560906f679659f4a2f23fd7bd5e250.php 第 102 行.
NOTIC: [8] Undefined variable: anliview_data1 E:\wwwds\otwebyys\Runtime\Cache\Home\bd560906f679659f4a2f23fd7bd5e250.php 第 102 行.
NOTIC: [8] Undefined variable: anliview_data1 E:\wwwds\otwebyys\Runtime\Cache\Home\bd560906f679659f4a2f23fd7bd5e250.php 第 104 行.
NOTIC: [8] Undefined variable: anliview_data1 E:\wwwds\otwebyys\Runtime\Cache\Home\bd560906f679659f4a2f23fd7bd5e250.php 第 104 行.
INFO: Run Behavior\ParseTemplateBehavior [ RunTime:0.026439s ]
INFO: [ view_parse ] --END-- [ RunTime:0.026837s ]
INFO: [ view_filter ] --START--
INFO: Run Behavior\WriteHtmlCacheBehavior [ RunTime:0.001133s ]
INFO: [ view_filter ] --END-- [ RunTime:0.001446s ]
INFO: [ app_end ] --START--
INFO: Run Behavior\ShowPageTraceBehavior [ RunTime:0.003898s ]
INFO: [ app_end ] --END-- [ RunTime:0.004818s ]

[ 2018-11-13T17:22:23+08:00 ] 127.0.0.1 /index.php/home/other/getcount/?_=1542100942140
INFO: [ app_init ] --START--
INFO: Run Behavior\BuildLiteBehavior [ RunTime:0.000108s ]
INFO: Run Common\Behavior\InitHookBehavior [ RunTime:0.018314s ]
INFO: [ app_init ] --END-- [ RunTime:0.020831s ]
INFO: [ app_begin ] --START--
INFO: Run Behavior\ReadHtmlCacheBehavior [ RunTime:0.003347s ]
INFO: [ app_begin ] --END-- [ RunTime:0.003795s ]
SQL: SHOW COLUMNS FROM `ot_config` [ RunTime:0.0429s ]
SQL: SELECT `type`,`name`,`value` FROM `ot_config` WHERE `status` = 1  [ RunTime:0.0259s ]
SQL: SHOW COLUMNS FROM `ot_keyword_log` [ RunTime:0.0410s ]
SQL: SELECT `title`,count(id) count FROM `ot_keyword_log` GROUP BY title ORDER BY count(id) desc LIMIT 2   [ RunTime:0.0259s ]
NOTIC: [8] Undefined index: tst E:\wwwds\otwebyys\Application\Home\Controller\OtherController.class.php 第 211 行.

[ 2018-11-13T17:24:03+08:00 ] 127.0.0.1 /index.php/Home/testoss/aliyunoss
INFO: [ app_init ] --START--
INFO: Run Behavior\BuildLiteBehavior [ RunTime:0.000133s ]
INFO: Run Common\Behavior\InitHookBehavior [ RunTime:0.008365s ]
INFO: [ app_init ] --END-- [ RunTime:0.010815s ]
INFO: [ app_begin ] --START--
INFO: Run Behavior\ReadHtmlCacheBehavior [ RunTime:0.003088s ]
INFO: [ app_begin ] --END-- [ RunTime:0.003846s ]
SQL: SHOW COLUMNS FROM `ot_config` [ RunTime:0.0432s ]
SQL: SELECT `type`,`name`,`value` FROM `ot_config` WHERE `status` = 1  [ RunTime:0.0365s ]
SQL: SHOW COLUMNS FROM `ot_picture` [ RunTime:0.0353s ]
SQL: SELECT * FROM `ot_picture` WHERE `md5` = '9ef3cf260b7952f83dabe1e07fed4854' AND `sha1` = '132d5c810da161ff2d414adefec0156a75e0b144' LIMIT 1   [ RunTime:0.0181s ]
NOTIC: [2] mkdir(): No such file or directory E:\wwwds\otwebyys\Application\Home\Controller\TestossController.class.php 第 70 行.
NOTIC: [2] imagejpeg(E:/wwwds/otwebyys\Uploads\Picture\thumb\2018-11-13\27B60ABD91D936952C13975A585FEB6B.jpg): failed to open stream: No such file or directory E:\wwwds\otwebyys\ThinkPHP\Library\Think\Image\Driver\Gd.class.php 第 94 行.
NOTIC: [8] Undefined index: message xdebug://debug-eval 第 1 行.
NOTIC: [8] Undefined variable: servicetype xdebug://debug-eval 第 1 行.
NOTIC: [8] Undefined variable: openid xdebug://debug-eval 第 1 行.
NOTIC: [8] Undefined variable: name xdebug://debug-eval 第 1 行.
NOTIC: [8] Undefined variable: mobile xdebug://debug-eval 第 1 行.
NOTIC: [8] Undefined variable: loudong xdebug://debug-eval 第 1 行.
NOTIC: [8] Undefined variable: save xdebug://debug-eval 第 1 行.
NOTIC: [8] Undefined variable: mail_address1 xdebug://debug-eval 第 1 行.
NOTIC: [8] Undefined variable: e xdebug://debug-eval 第 1 行.
NOTIC: [8] Undefined variable: _GPC xdebug://debug-eval 第 1 行.
NOTIC: [8] Use of undefined constant DEVELOPMENT - assumed 'DEVELOPMENT' xdebug://debug-eval 第 1 行.
NOTIC: [8] Undefined variable: url xdebug://debug-eval 第 1 行.
NOTIC: [8] Undefined variable: tmpMap xdebug://debug-eval 第 1 行.
NOTIC: [8] Undefined variable: menu xdebug://debug-eval 第 1 行.
NOTIC: [8] Undefined variable: url xdebug://debug-eval 第 1 行.
NOTIC: [8] Undefined variable: _W xdebug://debug-eval 第 1 行.
NOTIC: [8] Undefined variable: _W xdebug://debug-eval 第 1 行.
NOTIC: [8] Undefined index: __uniacid xdebug://debug-eval 第 1 行.
NOTIC: [8] Use of undefined constant IA_ROOT - assumed 'IA_ROOT' xdebug://debug-eval 第 1 行.
NOTIC: [8] Undefined variable: submitUrl xdebug://debug-eval 第 1 行.
NOTIC: [8] Undefined index: user xdebug://debug-eval 第 1 行.
NOTIC: [8] Undefined index: __merch_uniacid xdebug://debug-eval 第 1 行.
NOTIC: [8] Undefined variable: member xdebug://debug-eval 第 1 行.
NOTIC: [8] Undefined variable: _W xdebug://debug-eval 第 1 行.
NOTIC: [8] Undefined variable: lines xdebug://debug-eval 第 1 行.
NOTIC: [8] Undefined variable: level1_orders xdebug://debug-eval 第 1 行.
NOTIC: [8] Use of undefined constant ptjobdetail - assumed 'ptjobdetail' xdebug://debug-eval 第 1 行.
NOTIC: [2] Illegal string offset 'gold' xdebug://debug-eval 第 1 行.
NOTIC: [8] Use of undefined constant ptjobdetail - assumed 'ptjobdetail' xdebug://debug-eval 第 1 行.
NOTIC: [2] Illegal string offset 'gold' xdebug://debug-eval 第 1 行.
NOTIC: [8] Undefined variable: _GPC xdebug://debug-eval 第 1 行.
NOTIC: [8] Undefined variable: row xdebug://debug-eval 第 1 行.
NOTIC: [8] Undefined variable: row xdebug://debug-eval 第 1 行.
NOTIC: [8] Undefined index: message xdebug://debug-eval 第 1 行.
NOTIC: [8] Undefined variable: servicetype xdebug://debug-eval 第 1 行.
NOTIC: [8] Undefined variable: openid xdebug://debug-eval 第 1 行.
NOTIC: [8] Undefined variable: name xdebug://debug-eval 第 1 行.
NOTIC: [8] Undefined variable: mobile xdebug://debug-eval 第 1 行.
NOTIC: [8] Undefined variable: loudong xdebug://debug-eval 第 1 行.
NOTIC: [8] Undefined variable: save xdebug://debug-eval 第 1 行.
NOTIC: [8] Undefined variable: mail_address1 xdebug://debug-eval 第 1 行.
NOTIC: [8] Undefined variable: e xdebug://debug-eval 第 1 行.
NOTIC: [8] Undefined variable: _GPC xdebug://debug-eval 第 1 行.
NOTIC: [8] Use of undefined constant DEVELOPMENT - assumed 'DEVELOPMENT' xdebug://debug-eval 第 1 行.
NOTIC: [8] Undefined variable: url xdebug://debug-eval 第 1 行.
NOTIC: [8] Undefined variable: tmpMap xdebug://debug-eval 第 1 行.
NOTIC: [8] Undefined variable: menu xdebug://debug-eval 第 1 行.
NOTIC: [8] Undefined variable: url xdebug://debug-eval 第 1 行.
NOTIC: [8] Undefined variable: _W xdebug://debug-eval 第 1 行.
NOTIC: [8] Undefined variable: _W xdebug://debug-eval 第 1 行.
NOTIC: [8] Undefined index: __uniacid xdebug://debug-eval 第 1 行.
NOTIC: [8] Use of undefined constant IA_ROOT - assumed 'IA_ROOT' xdebug://debug-eval 第 1 行.
NOTIC: [8] Undefined variable: submitUrl xdebug://debug-eval 第 1 行.
NOTIC: [8] Undefined index: user xdebug://debug-eval 第 1 行.
NOTIC: [8] Undefined index: __merch_uniacid xdebug://debug-eval 第 1 行.
NOTIC: [8] Undefined variable: member xdebug://debug-eval 第 1 行.
NOTIC: [8] Undefined variable: _W xdebug://debug-eval 第 1 行.
NOTIC: [8] Undefined variable: lines xdebug://debug-eval 第 1 行.
NOTIC: [8] Undefined variable: level1_orders xdebug://debug-eval 第 1 行.
NOTIC: [8] Use of undefined constant ptjobdetail - assumed 'ptjobdetail' xdebug://debug-eval 第 1 行.
NOTIC: [2] Illegal string offset 'gold' xdebug://debug-eval 第 1 行.
NOTIC: [8] Use of undefined constant ptjobdetail - assumed 'ptjobdetail' xdebug://debug-eval 第 1 行.
NOTIC: [2] Illegal string offset 'gold' xdebug://debug-eval 第 1 行.
NOTIC: [8] Undefined variable: _GPC xdebug://debug-eval 第 1 行.
NOTIC: [8] Undefined variable: row xdebug://debug-eval 第 1 行.
NOTIC: [8] Undefined variable: row xdebug://debug-eval 第 1 行.
NOTIC: [8] Undefined index: message xdebug://debug-eval 第 1 行.
NOTIC: [8] Undefined variable: servicetype xdebug://debug-eval 第 1 行.
NOTIC: [8] Undefined variable: openid xdebug://debug-eval 第 1 行.
NOTIC: [8] Undefined variable: name xdebug://debug-eval 第 1 行.
NOTIC: [8] Undefined variable: mobile xdebug://debug-eval 第 1 行.
NOTIC: [8] Undefined variable: loudong xdebug://debug-eval 第 1 行.
NOTIC: [8] Undefined variable: save xdebug://debug-eval 第 1 行.
NOTIC: [8] Undefined variable: mail_address1 xdebug://debug-eval 第 1 行.
NOTIC: [8] Undefined variable: e xdebug://debug-eval 第 1 行.
NOTIC: [8] Undefined variable: _GPC xdebug://debug-eval 第 1 行.
NOTIC: [8] Use of undefined constant DEVELOPMENT - assumed 'DEVELOPMENT' xdebug://debug-eval 第 1 行.
NOTIC: [8] Undefined variable: url xdebug://debug-eval 第 1 行.
NOTIC: [8] Undefined variable: tmpMap xdebug://debug-eval 第 1 行.
NOTIC: [8] Undefined variable: menu xdebug://debug-eval 第 1 行.
NOTIC: [8] Undefined variable: url xdebug://debug-eval 第 1 行.
NOTIC: [8] Undefined variable: _W xdebug://debug-eval 第 1 行.
NOTIC: [8] Undefined variable: _W xdebug://debug-eval 第 1 行.
NOTIC: [8] Undefined index: __uniacid xdebug://debug-eval 第 1 行.
NOTIC: [8] Use of undefined constant IA_ROOT - assumed 'IA_ROOT' xdebug://debug-eval 第 1 行.
NOTIC: [8] Undefined variable: submitUrl xdebug://debug-eval 第 1 行.
NOTIC: [8] Undefined index: user xdebug://debug-eval 第 1 行.
NOTIC: [8] Undefined index: __merch_uniacid xdebug://debug-eval 第 1 行.
NOTIC: [8] Undefined variable: member xdebug://debug-eval 第 1 行.
NOTIC: [8] Undefined variable: _W xdebug://debug-eval 第 1 行.
NOTIC: [8] Undefined variable: lines xdebug://debug-eval 第 1 行.
NOTIC: [8] Undefined variable: level1_orders xdebug://debug-eval 第 1 行.
NOTIC: [8] Use of undefined constant ptjobdetail - assumed 'ptjobdetail' xdebug://debug-eval 第 1 行.
NOTIC: [2] Illegal string offset 'gold' xdebug://debug-eval 第 1 行.
NOTIC: [8] Use of undefined constant ptjobdetail - assumed 'ptjobdetail' xdebug://debug-eval 第 1 行.
NOTIC: [2] Illegal string offset 'gold' xdebug://debug-eval 第 1 行.
NOTIC: [8] Undefined variable: _GPC xdebug://debug-eval 第 1 行.
NOTIC: [8] Undefined variable: row xdebug://debug-eval 第 1 行.
NOTIC: [8] Undefined variable: row xdebug://debug-eval 第 1 行.
NOTIC: [8] Undefined index: message xdebug://debug-eval 第 1 行.
NOTIC: [8] Undefined variable: servicetype xdebug://debug-eval 第 1 行.
NOTIC: [8] Undefined variable: openid xdebug://debug-eval 第 1 行.
NOTIC: [8] Undefined variable: name xdebug://debug-eval 第 1 行.
NOTIC: [8] Undefined variable: mobile xdebug://debug-eval 第 1 行.
NOTIC: [8] Undefined variable: loudong xdebug://debug-eval 第 1 行.
NOTIC: [8] Undefined variable: save xdebug://debug-eval 第 1 行.
NOTIC: [8] Undefined variable: mail_address1 xdebug://debug-eval 第 1 行.
NOTIC: [8] Undefined variable: e xdebug://debug-eval 第 1 行.
NOTIC: [8] Undefined variable: _GPC xdebug://debug-eval 第 1 行.
NOTIC: [8] Use of undefined constant DEVELOPMENT - assumed 'DEVELOPMENT' xdebug://debug-eval 第 1 行.
NOTIC: [8] Undefined variable: url xdebug://debug-eval 第 1 行.
NOTIC: [8] Undefined variable: tmpMap xdebug://debug-eval 第 1 行.
NOTIC: [8] Undefined variable: menu xdebug://debug-eval 第 1 行.
NOTIC: [8] Undefined variable: url xdebug://debug-eval 第 1 行.
NOTIC: [8] Undefined variable: _W xdebug://debug-eval 第 1 行.
NOTIC: [8] Undefined variable: _W xdebug://debug-eval 第 1 行.
NOTIC: [8] Undefined index: __uniacid xdebug://debug-eval 第 1 行.
NOTIC: [8] Use of undefined constant IA_ROOT - assumed 'IA_ROOT' xdebug://debug-eval 第 1 行.
NOTIC: [8] Undefined variable: submitUrl xdebug://debug-eval 第 1 行.
NOTIC: [8] Undefined index: user xdebug://debug-eval 第 1 行.
NOTIC: [8] Undefined index: __merch_uniacid xdebug://debug-eval 第 1 行.
NOTIC: [8] Undefined variable: member xdebug://debug-eval 第 1 行.
NOTIC: [8] Undefined variable: _W xdebug://debug-eval 第 1 行.
NOTIC: [8] Undefined variable: lines xdebug://debug-eval 第 1 行.
NOTIC: [8] Undefined variable: level1_orders xdebug://debug-eval 第 1 行.
NOTIC: [8] Use of undefined constant ptjobdetail - assumed 'ptjobdetail' xdebug://debug-eval 第 1 行.
NOTIC: [2] Illegal string offset 'gold' xdebug://debug-eval 第 1 行.
NOTIC: [8] Use of undefined constant ptjobdetail - assumed 'ptjobdetail' xdebug://debug-eval 第 1 行.
NOTIC: [2] Illegal string offset 'gold' xdebug://debug-eval 第 1 行.
NOTIC: [8] Undefined variable: _GPC xdebug://debug-eval 第 1 行.
NOTIC: [8] Undefined variable: row xdebug://debug-eval 第 1 行.
NOTIC: [8] Undefined variable: row xdebug://debug-eval 第 1 行.
NOTIC: [8] Undefined index: message xdebug://debug-eval 第 1 行.
NOTIC: [8] Undefined variable: servicetype xdebug://debug-eval 第 1 行.
NOTIC: [8] Undefined variable: openid xdebug://debug-eval 第 1 行.
NOTIC: [8] Undefined variable: name xdebug://debug-eval 第 1 行.
NOTIC: [8] Undefined variable: mobile xdebug://debug-eval 第 1 行.
NOTIC: [8] Undefined variable: loudong xdebug://debug-eval 第 1 行.
NOTIC: [8] Undefined variable: save xdebug://debug-eval 第 1 行.
NOTIC: [8] Undefined variable: mail_address1 xdebug://debug-eval 第 1 行.
NOTIC: [8] Undefined variable: e xdebug://debug-eval 第 1 行.
NOTIC: [8] Undefined variable: _GPC xdebug://debug-eval 第 1 行.
NOTIC: [8] Use of undefined constant DEVELOPMENT - assumed 'DEVELOPMENT' xdebug://debug-eval 第 1 行.
NOTIC: [8] Undefined variable: url xdebug://debug-eval 第 1 行.
NOTIC: [8] Undefined variable: tmpMap xdebug://debug-eval 第 1 行.
NOTIC: [8] Undefined variable: menu xdebug://debug-eval 第 1 行.
NOTIC: [8] Undefined variable: url xdebug://debug-eval 第 1 行.
NOTIC: [8] Undefined variable: _W xdebug://debug-eval 第 1 行.
NOTIC: [8] Undefined variable: _W xdebug://debug-eval 第 1 行.
NOTIC: [8] Undefined index: __uniacid xdebug://debug-eval 第 1 行.
NOTIC: [8] Use of undefined constant IA_ROOT - assumed 'IA_ROOT' xdebug://debug-eval 第 1 行.
NOTIC: [8] Undefined variable: submitUrl xdebug://debug-eval 第 1 行.
NOTIC: [8] Undefined index: user xdebug://debug-eval 第 1 行.
NOTIC: [8] Undefined index: __merch_uniacid xdebug://debug-eval 第 1 行.
NOTIC: [8] Undefined variable: member xdebug://debug-eval 第 1 行.
NOTIC: [8] Undefined variable: _W xdebug://debug-eval 第 1 行.
NOTIC: [8] Undefined variable: lines xdebug://debug-eval 第 1 行.
NOTIC: [8] Undefined variable: level1_orders xdebug://debug-eval 第 1 行.
NOTIC: [8] Use of undefined constant ptjobdetail - assumed 'ptjobdetail' xdebug://debug-eval 第 1 行.
NOTIC: [2] Illegal string offset 'gold' xdebug://debug-eval 第 1 行.
NOTIC: [8] Use of undefined constant ptjobdetail - assumed 'ptjobdetail' xdebug://debug-eval 第 1 行.
NOTIC: [2] Illegal string offset 'gold' xdebug://debug-eval 第 1 行.
NOTIC: [8] Undefined variable: _GPC xdebug://debug-eval 第 1 行.
NOTIC: [8] Undefined variable: row xdebug://debug-eval 第 1 行.
NOTIC: [8] Undefined variable: row xdebug://debug-eval 第 1 行.
NOTIC: [8] Undefined index: message xdebug://debug-eval 第 1 行.
NOTIC: [8] Undefined variable: servicetype xdebug://debug-eval 第 1 行.
NOTIC: [8] Undefined variable: openid xdebug://debug-eval 第 1 行.
NOTIC: [8] Undefined variable: name xdebug://debug-eval 第 1 行.
NOTIC: [8] Undefined variable: mobile xdebug://debug-eval 第 1 行.
NOTIC: [8] Undefined variable: loudong xdebug://debug-eval 第 1 行.
NOTIC: [8] Undefined variable: save xdebug://debug-eval 第 1 行.
NOTIC: [8] Undefined variable: mail_address1 xdebug://debug-eval 第 1 行.
NOTIC: [8] Undefined variable: e xdebug://debug-eval 第 1 行.
NOTIC: [8] Undefined variable: _GPC xdebug://debug-eval 第 1 行.
NOTIC: [8] Use of undefined constant DEVELOPMENT - assumed 'DEVELOPMENT' xdebug://debug-eval 第 1 行.
NOTIC: [8] Undefined variable: url xdebug://debug-eval 第 1 行.
NOTIC: [8] Undefined variable: tmpMap xdebug://debug-eval 第 1 行.
NOTIC: [8] Undefined variable: menu xdebug://debug-eval 第 1 行.
NOTIC: [8] Undefined variable: url xdebug://debug-eval 第 1 行.
NOTIC: [8] Undefined variable: _W xdebug://debug-eval 第 1 行.
NOTIC: [8] Undefined variable: _W xdebug://debug-eval 第 1 行.
NOTIC: [8] Undefined index: __uniacid xdebug://debug-eval 第 1 行.
NOTIC: [8] Use of undefined constant IA_ROOT - assumed 'IA_ROOT' xdebug://debug-eval 第 1 行.
NOTIC: [8] Undefined variable: submitUrl xdebug://debug-eval 第 1 行.
NOTIC: [8] Undefined index: user xdebug://debug-eval 第 1 行.
NOTIC: [8] Undefined index: __merch_uniacid xdebug://debug-eval 第 1 行.
NOTIC: [8] Undefined variable: member xdebug://debug-eval 第 1 行.
NOTIC: [8] Undefined variable: _W xdebug://debug-eval 第 1 行.
NOTIC: [8] Undefined variable: lines xdebug://debug-eval 第 1 行.
NOTIC: [8] Undefined variable: level1_orders xdebug://debug-eval 第 1 行.
NOTIC: [8] Use of undefined constant ptjobdetail - assumed 'ptjobdetail' xdebug://debug-eval 第 1 行.
NOTIC: [2] Illegal string offset 'gold' xdebug://debug-eval 第 1 行.
NOTIC: [8] Use of undefined constant ptjobdetail - assumed 'ptjobdetail' xdebug://debug-eval 第 1 行.
NOTIC: [2] Illegal string offset 'gold' xdebug://debug-eval 第 1 行.
NOTIC: [8] Undefined variable: _GPC xdebug://debug-eval 第 1 行.
NOTIC: [8] Undefined variable: row xdebug://debug-eval 第 1 行.
NOTIC: [8] Undefined variable: row xdebug://debug-eval 第 1 行.
NOTIC: [8] Undefined index: message xdebug://debug-eval 第 1 行.
NOTIC: [8] Undefined variable: servicetype xdebug://debug-eval 第 1 行.
NOTIC: [8] Undefined variable: openid xdebug://debug-eval 第 1 行.
NOTIC: [8] Undefined variable: name xdebug://debug-eval 第 1 行.
NOTIC: [8] Undefined variable: mobile xdebug://debug-eval 第 1 行.
NOTIC: [8] Undefined variable: loudong xdebug://debug-eval 第 1 行.
NOTIC: [8] Undefined variable: save xdebug://debug-eval 第 1 行.
NOTIC: [8] Undefined variable: mail_address1 xdebug://debug-eval 第 1 行.
NOTIC: [8] Undefined variable: e xdebug://debug-eval 第 1 行.
NOTIC: [8] Undefined variable: _GPC xdebug://debug-eval 第 1 行.
NOTIC: [8] Use of undefined constant DEVELOPMENT - assumed 'DEVELOPMENT' xdebug://debug-eval 第 1 行.
NOTIC: [8] Undefined variable: url xdebug://debug-eval 第 1 行.
NOTIC: [8] Undefined variable: tmpMap xdebug://debug-eval 第 1 行.
NOTIC: [8] Undefined variable: menu xdebug://debug-eval 第 1 行.
NOTIC: [8] Undefined variable: url xdebug://debug-eval 第 1 行.
NOTIC: [8] Undefined variable: _W xdebug://debug-eval 第 1 行.
NOTIC: [8] Undefined variable: _W xdebug://debug-eval 第 1 行.
NOTIC: [8] Undefined index: __uniacid xdebug://debug-eval 第 1 行.
NOTIC: [8] Use of undefined constant IA_ROOT - assumed 'IA_ROOT' xdebug://debug-eval 第 1 行.
NOTIC: [8] Undefined variable: submitUrl xdebug://debug-eval 第 1 行.
NOTIC: [8] Undefined index: user xdebug://debug-eval 第 1 行.
NOTIC: [8] Undefined index: __merch_uniacid xdebug://debug-eval 第 1 行.
NOTIC: [8] Undefined variable: member xdebug://debug-eval 第 1 行.
NOTIC: [8] Undefined variable: _W xdebug://debug-eval 第 1 行.
NOTIC: [8] Undefined variable: lines xdebug://debug-eval 第 1 行.
NOTIC: [8] Undefined variable: level1_orders xdebug://debug-eval 第 1 行.
NOTIC: [8] Use of undefined constant ptjobdetail - assumed 'ptjobdetail' xdebug://debug-eval 第 1 行.
NOTIC: [2] Illegal string offset 'gold' xdebug://debug-eval 第 1 行.
NOTIC: [8] Use of undefined constant ptjobdetail - assumed 'ptjobdetail' xdebug://debug-eval 第 1 行.
NOTIC: [2] Illegal string offset 'gold' xdebug://debug-eval 第 1 行.
NOTIC: [8] Undefined variable: _GPC xdebug://debug-eval 第 1 行.
NOTIC: [8] Undefined variable: row xdebug://debug-eval 第 1 行.
NOTIC: [8] Undefined variable: row xdebug://debug-eval 第 1 行.
NOTIC: [8] Undefined index: message xdebug://debug-eval 第 1 行.
NOTIC: [8] Undefined variable: servicetype xdebug://debug-eval 第 1 行.
NOTIC: [8] Undefined variable: openid xdebug://debug-eval 第 1 行.
NOTIC: [8] Undefined variable: name xdebug://debug-eval 第 1 行.
NOTIC: [8] Undefined variable: mobile xdebug://debug-eval 第 1 行.
NOTIC: [8] Undefined variable: loudong xdebug://debug-eval 第 1 行.
NOTIC: [8] Undefined variable: save xdebug://debug-eval 第 1 行.
NOTIC: [8] Undefined variable: mail_address1 xdebug://debug-eval 第 1 行.
NOTIC: [8] Undefined variable: e xdebug://debug-eval 第 1 行.
NOTIC: [8] Undefined variable: _GPC xdebug://debug-eval 第 1 行.
NOTIC: [8] Use of undefined constant DEVELOPMENT - assumed 'DEVELOPMENT' xdebug://debug-eval 第 1 行.
NOTIC: [8] Undefined variable: url xdebug://debug-eval 第 1 行.
NOTIC: [8] Undefined variable: tmpMap xdebug://debug-eval 第 1 行.
NOTIC: [8] Undefined variable: menu xdebug://debug-eval 第 1 行.
NOTIC: [8] Undefined variable: url xdebug://debug-eval 第 1 行.
NOTIC: [8] Undefined variable: _W xdebug://debug-eval 第 1 行.
NOTIC: [8] Undefined variable: _W xdebug://debug-eval 第 1 行.
NOTIC: [8] Undefined index: __uniacid xdebug://debug-eval 第 1 行.
NOTIC: [8] Use of undefined constant IA_ROOT - assumed 'IA_ROOT' xdebug://debug-eval 第 1 行.
NOTIC: [8] Undefined variable: submitUrl xdebug://debug-eval 第 1 行.
NOTIC: [8] Undefined index: user xdebug://debug-eval 第 1 行.
NOTIC: [8] Undefined index: __merch_uniacid xdebug://debug-eval 第 1 行.
NOTIC: [8] Undefined variable: member xdebug://debug-eval 第 1 行.
NOTIC: [8] Undefined variable: _W xdebug://debug-eval 第 1 行.
NOTIC: [8] Undefined variable: lines xdebug://debug-eval 第 1 行.
NOTIC: [8] Undefined variable: level1_orders xdebug://debug-eval 第 1 行.
NOTIC: [8] Use of undefined constant ptjobdetail - assumed 'ptjobdetail' xdebug://debug-eval 第 1 行.
NOTIC: [2] Illegal string offset 'gold' xdebug://debug-eval 第 1 行.
NOTIC: [8] Use of undefined constant ptjobdetail - assumed 'ptjobdetail' xdebug://debug-eval 第 1 行.
NOTIC: [2] Illegal string offset 'gold' xdebug://debug-eval 第 1 行.
NOTIC: [8] Undefined variable: _GPC xdebug://debug-eval 第 1 行.
NOTIC: [8] Undefined variable: row xdebug://debug-eval 第 1 行.
NOTIC: [8] Undefined variable: row xdebug://debug-eval 第 1 行.
NOTIC: [8] Undefined index: message xdebug://debug-eval 第 1 行.
NOTIC: [8] Undefined variable: servicetype xdebug://debug-eval 第 1 行.
NOTIC: [8] Undefined variable: openid xdebug://debug-eval 第 1 行.
NOTIC: [8] Undefined variable: name xdebug://debug-eval 第 1 行.
NOTIC: [8] Undefined variable: mobile xdebug://debug-eval 第 1 行.
NOTIC: [8] Undefined variable: loudong xdebug://debug-eval 第 1 行.
NOTIC: [8] Undefined variable: save xdebug://debug-eval 第 1 行.
NOTIC: [8] Undefined variable: mail_address1 xdebug://debug-eval 第 1 行.
NOTIC: [8] Undefined variable: e xdebug://debug-eval 第 1 行.
NOTIC: [8] Undefined variable: _GPC xdebug://debug-eval 第 1 行.
NOTIC: [8] Use of undefined constant DEVELOPMENT - assumed 'DEVELOPMENT' xdebug://debug-eval 第 1 行.
NOTIC: [8] Undefined variable: url xdebug://debug-eval 第 1 行.
NOTIC: [8] Undefined variable: tmpMap xdebug://debug-eval 第 1 行.
NOTIC: [8] Undefined variable: menu xdebug://debug-eval 第 1 行.
NOTIC: [8] Undefined variable: url xdebug://debug-eval 第 1 行.
NOTIC: [8] Undefined variable: _W xdebug://debug-eval 第 1 行.
NOTIC: [8] Undefined variable: _W xdebug://debug-eval 第 1 行.
NOTIC: [8] Undefined index: __uniacid xdebug://debug-eval 第 1 行.
NOTIC: [8] Use of undefined constant IA_ROOT - assumed 'IA_ROOT' xdebug://debug-eval 第 1 行.
NOTIC: [8] Undefined variable: submitUrl xdebug://debug-eval 第 1 行.
NOTIC: [8] Undefined index: user xdebug://debug-eval 第 1 行.
NOTIC: [8] Undefined index: __merch_uniacid xdebug://debug-eval 第 1 行.
NOTIC: [8] Undefined variable: member xdebug://debug-eval 第 1 行.
NOTIC: [8] Undefined variable: _W xdebug://debug-eval 第 1 行.
NOTIC: [8] Undefined variable: lines xdebug://debug-eval 第 1 行.
NOTIC: [8] Undefined variable: level1_orders xdebug://debug-eval 第 1 行.
NOTIC: [8] Use of undefined constant ptjobdetail - assumed 'ptjobdetail' xdebug://debug-eval 第 1 行.
NOTIC: [2] Illegal string offset 'gold' xdebug://debug-eval 第 1 行.
NOTIC: [8] Use of undefined constant ptjobdetail - assumed 'ptjobdetail' xdebug://debug-eval 第 1 行.
NOTIC: [2] Illegal string offset 'gold' xdebug://debug-eval 第 1 行.
NOTIC: [8] Undefined variable: _GPC xdebug://debug-eval 第 1 行.
NOTIC: [8] Undefined variable: row xdebug://debug-eval 第 1 行.
NOTIC: [8] Undefined variable: row xdebug://debug-eval 第 1 行.
NOTIC: [8] Undefined index: message xdebug://debug-eval 第 1 行.
NOTIC: [8] Undefined variable: servicetype xdebug://debug-eval 第 1 行.
NOTIC: [8] Undefined variable: openid xdebug://debug-eval 第 1 行.
NOTIC: [8] Undefined variable: name xdebug://debug-eval 第 1 行.
NOTIC: [8] Undefined variable: mobile xdebug://debug-eval 第 1 行.
NOTIC: [8] Undefined variable: loudong xdebug://debug-eval 第 1 行.
NOTIC: [8] Undefined variable: save xdebug://debug-eval 第 1 行.
NOTIC: [8] Undefined variable: mail_address1 xdebug://debug-eval 第 1 行.
NOTIC: [8] Undefined variable: e xdebug://debug-eval 第 1 行.
NOTIC: [8] Undefined variable: _GPC xdebug://debug-eval 第 1 行.
NOTIC: [8] Use of undefined constant DEVELOPMENT - assumed 'DEVELOPMENT' xdebug://debug-eval 第 1 行.
NOTIC: [8] Undefined variable: url xdebug://debug-eval 第 1 行.
NOTIC: [8] Undefined variable: tmpMap xdebug://debug-eval 第 1 行.
NOTIC: [8] Undefined variable: menu xdebug://debug-eval 第 1 行.
NOTIC: [8] Undefined variable: url xdebug://debug-eval 第 1 行.
NOTIC: [8] Undefined variable: _W xdebug://debug-eval 第 1 行.
NOTIC: [8] Undefined variable: _W xdebug://debug-eval 第 1 行.
NOTIC: [8] Undefined index: __uniacid xdebug://debug-eval 第 1 行.
NOTIC: [8] Use of undefined constant IA_ROOT - assumed 'IA_ROOT' xdebug://debug-eval 第 1 行.
NOTIC: [8] Undefined variable: submitUrl xdebug://debug-eval 第 1 行.
NOTIC: [8] Undefined index: user xdebug://debug-eval 第 1 行.
NOTIC: [8] Undefined index: __merch_uniacid xdebug://debug-eval 第 1 行.
NOTIC: [8] Undefined variable: member xdebug://debug-eval 第 1 行.
NOTIC: [8] Undefined variable: _W xdebug://debug-eval 第 1 行.
NOTIC: [8] Undefined variable: lines xdebug://debug-eval 第 1 行.
NOTIC: [8] Undefined variable: level1_orders xdebug://debug-eval 第 1 行.
NOTIC: [8] Use of undefined constant ptjobdetail - assumed 'ptjobdetail' xdebug://debug-eval 第 1 行.
NOTIC: [2] Illegal string offset 'gold' xdebug://debug-eval 第 1 行.
NOTIC: [8] Use of undefined constant ptjobdetail - assumed 'ptjobdetail' xdebug://debug-eval 第 1 行.
NOTIC: [2] Illegal string offset 'gold' xdebug://debug-eval 第 1 行.
NOTIC: [8] Undefined variable: _GPC xdebug://debug-eval 第 1 行.
NOTIC: [8] Undefined variable: row xdebug://debug-eval 第 1 行.
NOTIC: [8] Undefined variable: row xdebug://debug-eval 第 1 行.
NOTIC: [8] Undefined index: message xdebug://debug-eval 第 1 行.
NOTIC: [8] Undefined variable: servicetype xdebug://debug-eval 第 1 行.
NOTIC: [8] Undefined variable: openid xdebug://debug-eval 第 1 行.
NOTIC: [8] Undefined variable: name xdebug://debug-eval 第 1 行.
NOTIC: [8] Undefined variable: mobile xdebug://debug-eval 第 1 行.
NOTIC: [8] Undefined variable: loudong xdebug://debug-eval 第 1 行.
NOTIC: [8] Undefined variable: save xdebug://debug-eval 第 1 行.
NOTIC: [8] Undefined variable: mail_address1 xdebug://debug-eval 第 1 行.
NOTIC: [8] Undefined variable: e xdebug://debug-eval 第 1 行.
NOTIC: [8] Undefined variable: _GPC xdebug://debug-eval 第 1 行.
NOTIC: [8] Use of undefined constant DEVELOPMENT - assumed 'DEVELOPMENT' xdebug://debug-eval 第 1 行.
NOTIC: [8] Undefined variable: tmpMap xdebug://debug-eval 第 1 行.
NOTIC: [8] Undefined variable: menu xdebug://debug-eval 第 1 行.
NOTIC: [8] Undefined variable: _W xdebug://debug-eval 第 1 行.
NOTIC: [8] Undefined variable: _W xdebug://debug-eval 第 1 行.
NOTIC: [8] Undefined index: __uniacid xdebug://debug-eval 第 1 行.
NOTIC: [8] Use of undefined constant IA_ROOT - assumed 'IA_ROOT' xdebug://debug-eval 第 1 行.
NOTIC: [8] Undefined variable: submitUrl xdebug://debug-eval 第 1 行.
NOTIC: [8] Undefined index: user xdebug://debug-eval 第 1 行.
NOTIC: [8] Undefined index: __merch_uniacid xdebug://debug-eval 第 1 行.
NOTIC: [8] Undefined variable: member xdebug://debug-eval 第 1 行.
NOTIC: [8] Undefined variable: _W xdebug://debug-eval 第 1 行.
NOTIC: [8] Undefined variable: lines xdebug://debug-eval 第 1 行.
NOTIC: [8] Undefined variable: level1_orders xdebug://debug-eval 第 1 行.
NOTIC: [8] Use of undefined constant ptjobdetail - assumed 'ptjobdetail' xdebug://debug-eval 第 1 行.
NOTIC: [2] Illegal string offset 'gold' xdebug://debug-eval 第 1 行.
NOTIC: [8] Use of undefined constant ptjobdetail - assumed 'ptjobdetail' xdebug://debug-eval 第 1 行.
NOTIC: [2] Illegal string offset 'gold' xdebug://debug-eval 第 1 行.
NOTIC: [8] Undefined variable: _GPC xdebug://debug-eval 第 1 行.
NOTIC: [8] Undefined variable: row xdebug://debug-eval 第 1 行.
NOTIC: [8] Undefined variable: row xdebug://debug-eval 第 1 行.
NOTIC: [8] Undefined index: message xdebug://debug-eval 第 1 行.
NOTIC: [8] Undefined variable: servicetype xdebug://debug-eval 第 1 行.
NOTIC: [8] Undefined variable: openid xdebug://debug-eval 第 1 行.
NOTIC: [8] Undefined variable: name xdebug://debug-eval 第 1 行.
NOTIC: [8] Undefined variable: mobile xdebug://debug-eval 第 1 行.
NOTIC: [8] Undefined variable: loudong xdebug://debug-eval 第 1 行.
NOTIC: [8] Undefined variable: save xdebug://debug-eval 第 1 行.
NOTIC: [8] Undefined variable: mail_address1 xdebug://debug-eval 第 1 行.
NOTIC: [8] Undefined variable: e xdebug://debug-eval 第 1 行.
NOTIC: [8] Undefined variable: _GPC xdebug://debug-eval 第 1 行.
NOTIC: [8] Use of undefined constant DEVELOPMENT - assumed 'DEVELOPMENT' xdebug://debug-eval 第 1 行.
NOTIC: [8] Undefined variable: url xdebug://debug-eval 第 1 行.
NOTIC: [8] Undefined variable: tmpMap xdebug://debug-eval 第 1 行.
NOTIC: [8] Undefined variable: menu xdebug://debug-eval 第 1 行.
NOTIC: [8] Undefined variable: url xdebug://debug-eval 第 1 行.
NOTIC: [8] Undefined variable: _W xdebug://debug-eval 第 1 行.
NOTIC: [8] Undefined variable: _W xdebug://debug-eval 第 1 行.
NOTIC: [8] Undefined index: __uniacid xdebug://debug-eval 第 1 行.
NOTIC: [8] Use of undefined constant IA_ROOT - assumed 'IA_ROOT' xdebug://debug-eval 第 1 行.
NOTIC: [8] Undefined variable: submitUrl xdebug://debug-eval 第 1 行.
NOTIC: [8] Undefined index: user xdebug://debug-eval 第 1 行.
NOTIC: [8] Undefined index: __merch_uniacid xdebug://debug-eval 第 1 行.
NOTIC: [8] Undefined variable: member xdebug://debug-eval 第 1 行.
NOTIC: [8] Undefined variable: _W xdebug://debug-eval 第 1 行.
NOTIC: [8] Undefined variable: lines xdebug://debug-eval 第 1 行.
NOTIC: [8] Undefined variable: level1_orders xdebug://debug-eval 第 1 行.
NOTIC: [8] Use of undefined constant ptjobdetail - assumed 'ptjobdetail' xdebug://debug-eval 第 1 行.
NOTIC: [2] Illegal string offset 'gold' xdebug://debug-eval 第 1 行.
NOTIC: [8] Use of undefined constant ptjobdetail - assumed 'ptjobdetail' xdebug://debug-eval 第 1 行.
NOTIC: [2] Illegal string offset 'gold' xdebug://debug-eval 第 1 行.
NOTIC: [8] Undefined variable: _GPC xdebug://debug-eval 第 1 行.
NOTIC: [8] Undefined variable: row xdebug://debug-eval 第 1 行.
NOTIC: [8] Undefined variable: row xdebug://debug-eval 第 1 行.
SQL: INSERT INTO `ot_picture` (`path`,`url`,`md5`,`sha1`,`status`,`create_time`) VALUES ('/Uploads/Picture/2018-11-13/27B60ABD91D936952C13975A585FEB6B.jpg','http://oss-yys-001.oss-cn-shenzhen.aliyuncs.com/web001/2018-11-13/27B60ABD91D936952C13975A585FEB6B.jpg','9ef3cf260b7952f83dabe1e07fed4854','132d5c810da161ff2d414adefec0156a75e0b144','1','1542101043') [ RunTime:0.0186s ]
INFO: [ view_parse ] --START--
INFO: [ template_filter ] --START--
INFO: Run Behavior\ContentReplaceBehavior [ RunTime:0.000404s ]
INFO: [ template_filter ] --END-- [ RunTime:0.000877s ]
NOTIC: [8] Undefined variable: ftitle E:\wwwds\otwebyys\Runtime\Cache\Home\bd560906f679659f4a2f23fd7bd5e250.php 第 5 行.
NOTIC: [8] Undefined variable: ftitle E:\wwwds\otwebyys\Runtime\Cache\Home\bd560906f679659f4a2f23fd7bd5e250.php 第 6 行.
NOTIC: [8] Undefined variable: ftitle E:\wwwds\otwebyys\Runtime\Cache\Home\bd560906f679659f4a2f23fd7bd5e250.php 第 7 行.
NOTIC: [8] Undefined variable: anliview_data1 E:\wwwds\otwebyys\Runtime\Cache\Home\bd560906f679659f4a2f23fd7bd5e250.php 第 102 行.
NOTIC: [8] Undefined variable: anliview_data1 E:\wwwds\otwebyys\Runtime\Cache\Home\bd560906f679659f4a2f23fd7bd5e250.php 第 102 行.
NOTIC: [8] Undefined variable: anliview_data1 E:\wwwds\otwebyys\Runtime\Cache\Home\bd560906f679659f4a2f23fd7bd5e250.php 第 104 行.
NOTIC: [8] Undefined variable: anliview_data1 E:\wwwds\otwebyys\Runtime\Cache\Home\bd560906f679659f4a2f23fd7bd5e250.php 第 104 行.
INFO: Run Behavior\ParseTemplateBehavior [ RunTime:0.030832s ]
INFO: [ view_parse ] --END-- [ RunTime:0.031252s ]
INFO: [ view_filter ] --START--
INFO: Run Behavior\WriteHtmlCacheBehavior [ RunTime:0.002823s ]
INFO: [ view_filter ] --END-- [ RunTime:0.003228s ]
INFO: [ app_end ] --START--
INFO: Run Behavior\ShowPageTraceBehavior [ RunTime:0.001941s ]
INFO: [ app_end ] --END-- [ RunTime:0.002381s ]

[ 2018-11-13T17:24:06+08:00 ] 127.0.0.1 /index.php/home/other/getcount/?_=1542101044400
INFO: [ app_init ] --START--
INFO: Run Behavior\BuildLiteBehavior [ RunTime:0.000115s ]
INFO: Run Common\Behavior\InitHookBehavior [ RunTime:0.008978s ]
INFO: [ app_init ] --END-- [ RunTime:0.010678s ]
INFO: [ app_begin ] --START--
INFO: Run Behavior\ReadHtmlCacheBehavior [ RunTime:0.001482s ]
INFO: [ app_begin ] --END-- [ RunTime:0.001934s ]
SQL: SHOW COLUMNS FROM `ot_config` [ RunTime:0.0408s ]
SQL: SELECT `type`,`name`,`value` FROM `ot_config` WHERE `status` = 1  [ RunTime:0.0229s ]
SQL: SHOW COLUMNS FROM `ot_keyword_log` [ RunTime:0.0383s ]
SQL: SELECT `title`,count(id) count FROM `ot_keyword_log` GROUP BY title ORDER BY count(id) desc LIMIT 2   [ RunTime:0.0227s ]
NOTIC: [8] Undefined index: tst E:\wwwds\otwebyys\Application\Home\Controller\OtherController.class.php 第 211 行.

[ 2018-11-13T17:28:29+08:00 ] 127.0.0.1 /
INFO: [ app_init ] --START--
INFO: Run Behavior\BuildLiteBehavior [ RunTime:0.000067s ]
INFO: Run Common\Behavior\InitHookBehavior [ RunTime:0.004581s ]
INFO: [ app_init ] --END-- [ RunTime:0.005834s ]
INFO: [ app_begin ] --START--
INFO: Run Behavior\ReadHtmlCacheBehavior [ RunTime:0.001301s ]
INFO: [ app_begin ] --END-- [ RunTime:0.001639s ]
SQL: SHOW COLUMNS FROM `ot_config` [ RunTime:0.0439s ]
SQL: SELECT `type`,`name`,`value` FROM `ot_config` WHERE `status` = 1  [ RunTime:0.0225s ]
SQL: select d.title dtitle,a.id,a.mianji,f.ename fenggename,a.loupan,a.home_pos,a.home_sort,p.path picpath from ot_document_anli a 
LEFT JOIN ot_sys_enum_fengge f on a.fengge= f.evalue
LEFT JOIN ot_picture p on a.home_cover=p.id ,ot_document d
where d.status>0 and d.id=a.id and a.home_pos in (1,2,3,4,5,6) and a.home_sort in(1,2,3) order by a.home_sort limit 30 [ RunTime:0.0226s ]
NOTIC: [8] Undefined variable: pic E:\wwwds\otwebyys\Application\Home\Controller\IndexController.class.php 第 54 行.
SQL: select s.id,s.nickname,s.sno,s.linian,s.years,area.ename areaname,s.star_sort,rank.ename rankname,p1.path star_cover,p3.path pathinfo,anli.home_pos_sheji,anli.id aid,anli.mianji,anli.atitle,fengge.ename fenggename,anli.home_cover_sheji,p4.path home_cover_sheji_pic from ot_document_shejishi s 
		    LEFT JOIN ot_picture p1 on s.star_cover=p1.id
		    LEFT JOIN ot_sys_enum_rank rank on s.rank=rank.evalue 
		    LEFT JOIN ot_sys_enum_area area on s.area=area.evalue 
		    LEFT JOIN ot_document_anli anli on s.sno=anli.shejishi and anli.home_pos_sheji in(2,3,5,6) and anli.home_cover_sheji>0 
		    LEFT JOIN ot_picture p4 on anli.home_cover_sheji = p4.id 
		    LEFT JOIN ot_sys_enum_fengge fengge on anli.fengge = fengge.evalue  
		    ,ot_document d
		    LEFT JOIN ot_picture p3 on d.cover_id=p3.id
		    where s.id=d.id
		    and d.`status`=1 and s.star_sort in(1,2,3) ORDER BY star_sort,anli.home_pos_sheji LIMIT 30 [ RunTime:0.0231s ]
SQL: select DISTINCT r.evalue,r.ename from ot_sys_enum_fengge r where r.ename not like '%其他%' and r.`isvalid`>0 ORDER BY r.disorder [ RunTime:0.0225s ]
SQL: select DISTINCT r.evalue,r.ename from ot_document_shejishi s,ot_document d,ot_sys_enum_rank r where s.aid=d.id and s.rank=r.evalue and d.`status`>0 ORDER BY r.disorder [ RunTime:0.0224s ]
SQL: SHOW COLUMNS FROM `ot_document` [ RunTime:0.0361s ]
SQL: SHOW COLUMNS FROM `ot_document_loupan` [ RunTime:0.0362s ]
SQL: SHOW COLUMNS FROM `ot_area` [ RunTime:0.0416s ]
SQL: SHOW COLUMNS FROM `ot_picture` [ RunTime:0.0362s ]
SQL: SELECT document.id AS did,document.uid AS uid,document.name AS dname,document.title AS dtitle,document.category_id AS category_id,document.group_id AS group_id,document.description AS description,document.root AS root,document.pid AS pid,document.model_id AS model_id,document.type AS dtype,document.position AS position,document.link_id AS link_id,document.cover_id AS cover_id,document.view AS view,document.comment AS comment,document.extend AS extend,document.level AS level,document.status AS status,document.create_time AS create_time,document.litpic AS litpic,document_loupan.id AS id,document_loupan.imgids AS imgids,document_loupan.custnum AS custnum,document_loupan.areaid AS areaid,document_loupan.ltype AS ltype,document_loupan.lastupdatenum AS lastupdatenum,area.AreaName AS AreaName,picture.path AS picpath FROM ot_document document  JOIN ot_document_loupan document_loupan ON document_loupan.id=document.id LEFT JOIN ot_area area ON document_loupan.areaid=area.areaid LEFT JOIN ot_picture picture ON document.cover_id=picture.id WHERE document.status = '1' AND document_loupan.ltype = '2' ORDER BY document.level desc LIMIT 0,12   [ RunTime:0.0236s ]
NOTIC: [2] Invalid argument supplied for foreach() E:\wwwds\otwebyys\Application\Home\Controller\IndexController.class.php 第 113 行.
SQL: SHOW COLUMNS FROM `ot_document_article` [ RunTime:0.0359s ]
SQL: SELECT document.id AS did,document.uid AS uid,document.name AS dname,document.title AS dtitle,document.category_id AS category_id,document.group_id AS group_id,document.description AS description,document.root AS root,document.pid AS pid,document.model_id AS model_id,document.type AS dtype,document.position AS position,document.link_id AS link_id,document.cover_id AS cover_id,document.view AS view,document.comment AS comment,document.extend AS extend,document.level AS level,document.status AS status,document.create_time AS create_time,document.litpic AS litpic,document_article.id AS id,document_article.parse AS parse,document_article.content AS content,document_article.template AS template,document_article.bookmark AS bookmark,document_article.ftype AS ftype,picture.path AS picpath FROM ot_document document  JOIN ot_document_article document_article ON document_article.id=document.id LEFT JOIN ot_picture picture ON document.cover_id=picture.id WHERE document.status = 1 AND document_article.ftype = '4' ORDER BY document.create_time desc,document.level ASC LIMIT 4   [ RunTime:0.0245s ]
SQL: SELECT document.id AS did,document.uid AS uid,document.name AS dname,document.title AS dtitle,document.category_id AS category_id,document.group_id AS group_id,document.description AS description,document.root AS root,document.pid AS pid,document.model_id AS model_id,document.type AS dtype,document.position AS position,document.link_id AS link_id,document.cover_id AS cover_id,document.view AS view,document.comment AS comment,document.extend AS extend,document.level AS level,document.status AS status,document.create_time AS create_time,document.litpic AS litpic,document_article.id AS id,document_article.parse AS parse,document_article.content AS content,document_article.template AS template,document_article.bookmark AS bookmark,document_article.ftype AS ftype,picture.path AS picpath FROM ot_document document  JOIN ot_document_article document_article ON document_article.id=document.id LEFT JOIN ot_picture picture ON document.cover_id=picture.id WHERE document.status = 1 AND document_article.ftype = '5' ORDER BY document.create_time desc,document.level ASC LIMIT 5   [ RunTime:0.0233s ]
SQL: SELECT document.id AS did,document.uid AS uid,document.name AS dname,document.title AS dtitle,document.category_id AS category_id,document.group_id AS group_id,document.description AS description,document.root AS root,document.pid AS pid,document.model_id AS model_id,document.type AS dtype,document.position AS position,document.link_id AS link_id,document.cover_id AS cover_id,document.view AS view,document.comment AS comment,document.extend AS extend,document.level AS level,document.status AS status,document.create_time AS create_time,document.litpic AS litpic,document_article.id AS id,document_article.parse AS parse,document_article.content AS content,document_article.template AS template,document_article.bookmark AS bookmark,document_article.ftype AS ftype,picture.path AS picpath FROM ot_document document  JOIN ot_document_article document_article ON document_article.id=document.id LEFT JOIN ot_picture picture ON document.cover_id=picture.id WHERE document.status = 1 AND document_article.ftype = '6' ORDER BY document.create_time desc,document.level ASC LIMIT 4   [ RunTime:0.0239s ]
SQL: select a.id,d.title,d.description from ot_document d,ot_document_article a where d.id=a.id and a.home_tj=1 ORDER BY a.id DESC LIMIT 1 [ RunTime:0.0222s ]
NOTIC: [8] Undefined offset: 0 E:\wwwds\otwebyys\Application\Home\Controller\IndexController.class.php 第 167 行.
INFO: [ view_parse ] --START--
INFO: [ template_filter ] --START--
INFO: Run Behavior\ContentReplaceBehavior [ RunTime:0.001052s ]
INFO: [ template_filter ] --END-- [ RunTime:0.001386s ]
NOTIC: [8] Undefined index: s1 E:\wwwds\otwebyys\Runtime\Cache\Home\769e70f2e46f34ceb60619bbda5e4691.php 第 1176 行.
NOTIC: [8] Undefined index: s1 E:\wwwds\otwebyys\Runtime\Cache\Home\769e70f2e46f34ceb60619bbda5e4691.php 第 1180 行.
NOTIC: [8] Undefined index: s1 E:\wwwds\otwebyys\Runtime\Cache\Home\769e70f2e46f34ceb60619bbda5e4691.php 第 1181 行.
NOTIC: [8] Undefined index: s1 E:\wwwds\otwebyys\Runtime\Cache\Home\769e70f2e46f34ceb60619bbda5e4691.php 第 1186 行.
NOTIC: [8] Undefined index: s1 E:\wwwds\otwebyys\Runtime\Cache\Home\769e70f2e46f34ceb60619bbda5e4691.php 第 1197 行.
NOTIC: [8] Undefined index: s1 E:\wwwds\otwebyys\Runtime\Cache\Home\769e70f2e46f34ceb60619bbda5e4691.php 第 1201 行.
NOTIC: [8] Undefined index: s1 E:\wwwds\otwebyys\Runtime\Cache\Home\769e70f2e46f34ceb60619bbda5e4691.php 第 1205 行.
NOTIC: [8] Undefined index: s1 E:\wwwds\otwebyys\Runtime\Cache\Home\769e70f2e46f34ceb60619bbda5e4691.php 第 1215 行.
NOTIC: [8] Undefined index: s1 E:\wwwds\otwebyys\Runtime\Cache\Home\769e70f2e46f34ceb60619bbda5e4691.php 第 1219 行.
NOTIC: [8] Undefined index: s1 E:\wwwds\otwebyys\Runtime\Cache\Home\769e70f2e46f34ceb60619bbda5e4691.php 第 1223 行.
NOTIC: [8] Undefined index: s1 E:\wwwds\otwebyys\Runtime\Cache\Home\769e70f2e46f34ceb60619bbda5e4691.php 第 1237 行.
NOTIC: [8] Undefined index: s1 E:\wwwds\otwebyys\Runtime\Cache\Home\769e70f2e46f34ceb60619bbda5e4691.php 第 1239 行.
NOTIC: [8] Undefined index: s1 E:\wwwds\otwebyys\Runtime\Cache\Home\769e70f2e46f34ceb60619bbda5e4691.php 第 1241 行.
NOTIC: [8] Undefined index: s1 E:\wwwds\otwebyys\Runtime\Cache\Home\769e70f2e46f34ceb60619bbda5e4691.php 第 1241 行.
NOTIC: [8] Undefined index: s1 E:\wwwds\otwebyys\Runtime\Cache\Home\769e70f2e46f34ceb60619bbda5e4691.php 第 1243 行.
NOTIC: [8] Undefined index: s1 E:\wwwds\otwebyys\Runtime\Cache\Home\769e70f2e46f34ceb60619bbda5e4691.php 第 1250 行.
NOTIC: [8] Undefined index: s1 E:\wwwds\otwebyys\Runtime\Cache\Home\769e70f2e46f34ceb60619bbda5e4691.php 第 1254 行.
NOTIC: [8] Undefined index: s1 E:\wwwds\otwebyys\Runtime\Cache\Home\769e70f2e46f34ceb60619bbda5e4691.php 第 1258 行.
NOTIC: [8] Undefined index: s1 E:\wwwds\otwebyys\Runtime\Cache\Home\769e70f2e46f34ceb60619bbda5e4691.php 第 1271 行.
NOTIC: [8] Undefined index: s1 E:\wwwds\otwebyys\Runtime\Cache\Home\769e70f2e46f34ceb60619bbda5e4691.php 第 1275 行.
NOTIC: [8] Undefined index: s1 E:\wwwds\otwebyys\Runtime\Cache\Home\769e70f2e46f34ceb60619bbda5e4691.php 第 1279 行.
NOTIC: [8] Undefined index: s2 E:\wwwds\otwebyys\Runtime\Cache\Home\769e70f2e46f34ceb60619bbda5e4691.php 第 1295 行.
NOTIC: [8] Undefined index: s2 E:\wwwds\otwebyys\Runtime\Cache\Home\769e70f2e46f34ceb60619bbda5e4691.php 第 1299 行.
NOTIC: [8] Undefined index: s2 E:\wwwds\otwebyys\Runtime\Cache\Home\769e70f2e46f34ceb60619bbda5e4691.php 第 1300 行.
NOTIC: [8] Undefined index: s2 E:\wwwds\otwebyys\Runtime\Cache\Home\769e70f2e46f34ceb60619bbda5e4691.php 第 1305 行.
NOTIC: [8] Undefined index: s2 E:\wwwds\otwebyys\Runtime\Cache\Home\769e70f2e46f34ceb60619bbda5e4691.php 第 1317 行.
NOTIC: [8] Undefined index: s2 E:\wwwds\otwebyys\Runtime\Cache\Home\769e70f2e46f34ceb60619bbda5e4691.php 第 1319 行.
NOTIC: [8] Undefined index: s2 E:\wwwds\otwebyys\Runtime\Cache\Home\769e70f2e46f34ceb60619bbda5e4691.php 第 1321 行.
NOTIC: [8] Undefined index: s2 E:\wwwds\otwebyys\Runtime\Cache\Home\769e70f2e46f34ceb60619bbda5e4691.php 第 1330 行.
NOTIC: [8] Undefined index: s2 E:\wwwds\otwebyys\Runtime\Cache\Home\769e70f2e46f34ceb60619bbda5e4691.php 第 1332 行.
NOTIC: [8] Undefined index: s2 E:\wwwds\otwebyys\Runtime\Cache\Home\769e70f2e46f34ceb60619bbda5e4691.php 第 1334 行.
NOTIC: [8] Undefined index: s2 E:\wwwds\otwebyys\Runtime\Cache\Home\769e70f2e46f34ceb60619bbda5e4691.php 第 1347 行.
NOTIC: [8] Undefined index: s2 E:\wwwds\otwebyys\Runtime\Cache\Home\769e70f2e46f34ceb60619bbda5e4691.php 第 1349 行.
NOTIC: [8] Undefined index: s2 E:\wwwds\otwebyys\Runtime\Cache\Home\769e70f2e46f34ceb60619bbda5e4691.php 第 1351 行.
NOTIC: [8] Undefined index: s2 E:\wwwds\otwebyys\Runtime\Cache\Home\769e70f2e46f34ceb60619bbda5e4691.php 第 1351 行.
NOTIC: [8] Undefined index: s2 E:\wwwds\otwebyys\Runtime\Cache\Home\769e70f2e46f34ceb60619bbda5e4691.php 第 1353 行.
NOTIC: [8] Undefined index: s2 E:\wwwds\otwebyys\Runtime\Cache\Home\769e70f2e46f34ceb60619bbda5e4691.php 第 1361 行.
NOTIC: [8] Undefined index: s2 E:\wwwds\otwebyys\Runtime\Cache\Home\769e70f2e46f34ceb60619bbda5e4691.php 第 1363 行.
NOTIC: [8] Undefined index: s2 E:\wwwds\otwebyys\Runtime\Cache\Home\769e70f2e46f34ceb60619bbda5e4691.php 第 1365 行.
NOTIC: [8] Undefined index: s2 E:\wwwds\otwebyys\Runtime\Cache\Home\769e70f2e46f34ceb60619bbda5e4691.php 第 1377 行.
NOTIC: [8] Undefined index: s2 E:\wwwds\otwebyys\Runtime\Cache\Home\769e70f2e46f34ceb60619bbda5e4691.php 第 1379 行.
NOTIC: [8] Undefined index: s2 E:\wwwds\otwebyys\Runtime\Cache\Home\769e70f2e46f34ceb60619bbda5e4691.php 第 1381 行.
NOTIC: [8] Undefined index: s3 E:\wwwds\otwebyys\Runtime\Cache\Home\769e70f2e46f34ceb60619bbda5e4691.php 第 1396 行.
NOTIC: [8] Undefined index: s3 E:\wwwds\otwebyys\Runtime\Cache\Home\769e70f2e46f34ceb60619bbda5e4691.php 第 1400 行.
NOTIC: [8] Undefined index: s3 E:\wwwds\otwebyys\Runtime\Cache\Home\769e70f2e46f34ceb60619bbda5e4691.php 第 1401 行.
NOTIC: [8] Undefined index: s3 E:\wwwds\otwebyys\Runtime\Cache\Home\769e70f2e46f34ceb60619bbda5e4691.php 第 1404 行.
NOTIC: [8] Undefined index: s3 E:\wwwds\otwebyys\Runtime\Cache\Home\769e70f2e46f34ceb60619bbda5e4691.php 第 1406 行.
NOTIC: [8] Undefined index: s3 E:\wwwds\otwebyys\Runtime\Cache\Home\769e70f2e46f34ceb60619bbda5e4691.php 第 1417 行.
NOTIC: [8] Undefined index: s3 E:\wwwds\otwebyys\Runtime\Cache\Home\769e70f2e46f34ceb60619bbda5e4691.php 第 1419 行.
NOTIC: [8] Undefined index: s3 E:\wwwds\otwebyys\Runtime\Cache\Home\769e70f2e46f34ceb60619bbda5e4691.php 第 1421 行.
NOTIC: [8] Undefined index: s3 E:\wwwds\otwebyys\Runtime\Cache\Home\769e70f2e46f34ceb60619bbda5e4691.php 第 1430 行.
NOTIC: [8] Undefined index: s3 E:\wwwds\otwebyys\Runtime\Cache\Home\769e70f2e46f34ceb60619bbda5e4691.php 第 1432 行.
NOTIC: [8] Undefined index: s3 E:\wwwds\otwebyys\Runtime\Cache\Home\769e70f2e46f34ceb60619bbda5e4691.php 第 1434 行.
NOTIC: [8] Undefined index: s3 E:\wwwds\otwebyys\Runtime\Cache\Home\769e70f2e46f34ceb60619bbda5e4691.php 第 1447 行.
NOTIC: [8] Undefined index: s3 E:\wwwds\otwebyys\Runtime\Cache\Home\769e70f2e46f34ceb60619bbda5e4691.php 第 1449 行.
NOTIC: [8] Undefined index: s3 E:\wwwds\otwebyys\Runtime\Cache\Home\769e70f2e46f34ceb60619bbda5e4691.php 第 1451 行.
NOTIC: [8] Undefined index: s3 E:\wwwds\otwebyys\Runtime\Cache\Home\769e70f2e46f34ceb60619bbda5e4691.php 第 1451 行.
NOTIC: [8] Undefined index: s3 E:\wwwds\otwebyys\Runtime\Cache\Home\769e70f2e46f34ceb60619bbda5e4691.php 第 1453 行.
NOTIC: [8] Undefined index: s3 E:\wwwds\otwebyys\Runtime\Cache\Home\769e70f2e46f34ceb60619bbda5e4691.php 第 1461 行.
NOTIC: [8] Undefined index: s3 E:\wwwds\otwebyys\Runtime\Cache\Home\769e70f2e46f34ceb60619bbda5e4691.php 第 1463 行.
NOTIC: [8] Undefined index: s3 E:\wwwds\otwebyys\Runtime\Cache\Home\769e70f2e46f34ceb60619bbda5e4691.php 第 1465 行.
NOTIC: [8] Undefined index: s3 E:\wwwds\otwebyys\Runtime\Cache\Home\769e70f2e46f34ceb60619bbda5e4691.php 第 1477 行.
NOTIC: [8] Undefined index: s3 E:\wwwds\otwebyys\Runtime\Cache\Home\769e70f2e46f34ceb60619bbda5e4691.php 第 1479 行.
NOTIC: [8] Undefined index: s3 E:\wwwds\otwebyys\Runtime\Cache\Home\769e70f2e46f34ceb60619bbda5e4691.php 第 1481 行.
NOTIC: [8] Undefined index: title E:\wwwds\otwebyys\Runtime\Cache\Home\769e70f2e46f34ceb60619bbda5e4691.php 第 1724 行.
NOTIC: [8] Undefined index: title E:\wwwds\otwebyys\Runtime\Cache\Home\769e70f2e46f34ceb60619bbda5e4691.php 第 1744 行.
INFO: Run Behavior\ParseTemplateBehavior [ RunTime:0.269926s ]
INFO: [ view_parse ] --END-- [ RunTime:0.270247s ]
INFO: [ view_filter ] --START--
INFO: Run Behavior\WriteHtmlCacheBehavior [ RunTime:0.001113s ]
INFO: [ view_filter ] --END-- [ RunTime:0.001407s ]

[ 2018-11-13T17:28:32+08:00 ] 127.0.0.1 /index.php/Home/Article/index.html
INFO: [ app_init ] --START--
INFO: Run Behavior\BuildLiteBehavior [ RunTime:0.000074s ]
INFO: Run Common\Behavior\InitHookBehavior [ RunTime:0.004611s ]
INFO: [ app_init ] --END-- [ RunTime:0.006819s ]
INFO: [ app_begin ] --START--
INFO: Run Behavior\ReadHtmlCacheBehavior [ RunTime:0.001322s ]
INFO: [ app_begin ] --END-- [ RunTime:0.001677s ]
SQL: SHOW COLUMNS FROM `ot_config` [ RunTime:0.0377s ]
SQL: SELECT `type`,`name`,`value` FROM `ot_config` WHERE `status` = 1  [ RunTime:0.0195s ]
SQL: SHOW COLUMNS FROM `ot_aticle_cate` [ RunTime:0.0394s ]
SQL: SELECT * FROM `ot_aticle_cate` WHERE ( 1 ) ORDER BY displayorder desc  [ RunTime:0.0191s ]
NOTIC: [8] Undefined index: keyword E:\wwwds\otwebyys\Application\Home\Controller\ArticleController.class.php 第 38 行.
NOTIC: [8] Undefined index: page E:\wwwds\otwebyys\Application\Home\Controller\ArticleController.class.php 第 50 行.
NOTIC: [8] Undefined index: ftype E:\wwwds\otwebyys\Application\Home\Controller\ArticleController.class.php 第 55 行.
SQL: SHOW COLUMNS FROM `ot_document` [ RunTime:0.0381s ]
SQL: SHOW COLUMNS FROM `ot_document_article` [ RunTime:0.0314s ]
SQL: SHOW COLUMNS FROM `ot_picture` [ RunTime:0.0319s ]
SQL: SELECT COUNT(*) AS tp_count FROM ot_document document  JOIN ot_document_article document_article ON document_article.id=document.id LEFT JOIN ot_picture picture ON document.cover_id=picture.id WHERE ( document.status=1 and ftype =4 ) LIMIT 1   [ RunTime:0.0199s ]
SQL: SELECT document.id AS did,document.uid AS uid,document.name AS dname,document.title AS dtitle,document.category_id AS category_id,document.group_id AS group_id,document.description AS description,document.root AS root,document.pid AS pid,document.model_id AS model_id,document.type AS dtype,document.position AS position,document.link_id AS link_id,document.cover_id AS cover_id,document.view AS view,document.comment AS comment,document.extend AS extend,document.level AS level,document.status AS status,document.create_time AS create_time,document.litpic AS litpic,document_article.id AS id,document_article.parse AS parse,document_article.content AS content,document_article.template AS template,document_article.bookmark AS bookmark,document_article.ftype AS ftype,picture.path AS picpath FROM ot_document document  JOIN ot_document_article document_article ON document_article.id=document.id LEFT JOIN ot_picture picture ON document.cover_id=picture.id WHERE ( document.status=1 and ftype =4 ) ORDER BY document.level desc,document.id desc LIMIT 0,6   [ RunTime:0.0219s ]
SQL: SHOW COLUMNS FROM `ot_document_anli` [ RunTime:0.0378s ]
SQL: SHOW COLUMNS FROM `ot_document_shejishi` [ RunTime:0.0382s ]
SQL: SHOW COLUMNS FROM `ot_sys_enum_fengge` [ RunTime:0.0337s ]
SQL: SHOW COLUMNS FROM `ot_sys_enum_jushi` [ RunTime:0.0313s ]
SQL: SHOW COLUMNS FROM `ot_sys_enum_fangshi` [ RunTime:0.0362s ]
SQL: SELECT document.id AS did,document.uid AS uid,document.name AS dname,document.title AS dtitle,document.keywords AS keywords,document.description AS description,document.category_id AS category_id,document.group_id AS group_id,document.root AS root,document.pid AS pid,document.model_id AS model_id,document.type AS dtype,document.position AS position,document.link_id AS link_id,document.cover_id AS cover_id,document.view AS view,document.comment AS comment,document.extend AS extend,document.level AS level,document.status AS status,document.create_time AS create_time,document.litpic AS litpic,document_anli.id AS id,document_anli.aid AS aid,document_anli.fengge AS fengge,document_anli.imgids AS imgids,document_anli.shejishi AS shejishi,document_anli.loupan AS loupan,document_anli.mianji AS mianji,document_anli.jushi AS jushi,document_anli.zaojia AS zaojia,document_anli.fangshi AS fangshi,document_anli.zhucai AS zhucai,document_anli.gongqi AS gongqi,document_anli.home_pos AS home_pos,document_anli.home_cover AS home_cover,document_anli.home_sort AS home_sort,document_anli.edate AS edate,document_anli.rzloupan AS rzloupan,document_anli.detailpic AS detailpic,document_shejishi.nickname AS shejishiname,sys_enum_fengge.ename AS fenggename,sys_enum_jushi.ename AS jushiname,sys_enum_fangshi.ename AS fangshiname,picture.path AS picpath FROM ot_document document  JOIN ot_document_anli document_anli ON document_anli.id=document.id LEFT JOIN ot_document_shejishi document_shejishi ON document_anli.shejishi=document_shejishi.sno LEFT JOIN ot_sys_enum_fengge sys_enum_fengge ON document_anli.fengge=sys_enum_fengge.evalue LEFT JOIN ot_sys_enum_jushi sys_enum_jushi ON document_anli.jushi=sys_enum_jushi.evalue LEFT JOIN ot_sys_enum_fangshi sys_enum_fangshi ON document_anli.fangshi=sys_enum_fangshi.evalue LEFT JOIN ot_picture picture ON document.cover_id=picture.id WHERE document.status = 1 ORDER BY document.create_time desc LIMIT 3   [ RunTime:0.0216s ]
INFO: [ view_parse ] --START--
INFO: [ template_filter ] --START--
INFO: Run Behavior\ContentReplaceBehavior [ RunTime:0.000303s ]
INFO: [ template_filter ] --END-- [ RunTime:0.000625s ]
NOTIC: [8] Undefined index: title E:\wwwds\otwebyys\Runtime\Cache\Home\5231e2bbdb7b9edc1f0f29f2bbab2a6e.php 第 243 行.
INFO: Run Behavior\ParseTemplateBehavior [ RunTime:0.062501s ]
INFO: [ view_parse ] --END-- [ RunTime:0.062956s ]
INFO: [ view_filter ] --START--
INFO: Run Behavior\WriteHtmlCacheBehavior [ RunTime:0.001040s ]
INFO: [ view_filter ] --END-- [ RunTime:0.001333s ]
INFO: [ app_end ] --START--
INFO: Run Behavior\ShowPageTraceBehavior [ RunTime:0.001310s ]
INFO: [ app_end ] --END-- [ RunTime:0.001687s ]

[ 2018-11-13T17:28:34+08:00 ] 127.0.0.1 /index.php/home/other/getcount/?_=1542101313898
INFO: [ app_init ] --START--
INFO: Run Behavior\BuildLiteBehavior [ RunTime:0.000095s ]
INFO: Run Common\Behavior\InitHookBehavior [ RunTime:0.005611s ]
INFO: [ app_init ] --END-- [ RunTime:0.007785s ]
INFO: [ app_begin ] --START--
INFO: Run Behavior\ReadHtmlCacheBehavior [ RunTime:0.001664s ]
INFO: [ app_begin ] --END-- [ RunTime:0.002004s ]
SQL: SHOW COLUMNS FROM `ot_config` [ RunTime:0.0404s ]
SQL: SELECT `type`,`name`,`value` FROM `ot_config` WHERE `status` = 1  [ RunTime:0.0231s ]
SQL: SHOW COLUMNS FROM `ot_keyword_log` [ RunTime:0.0378s ]
SQL: SELECT `title`,count(id) count FROM `ot_keyword_log` GROUP BY title ORDER BY count(id) desc LIMIT 2   [ RunTime:0.0232s ]
NOTIC: [8] Undefined index: tst E:\wwwds\otwebyys\Application\Home\Controller\OtherController.class.php 第 211 行.

[ 2018-11-13T17:28:36+08:00 ] 127.0.0.1 /index.php/Home/Article/index.html
INFO: [ app_init ] --START--
INFO: Run Behavior\BuildLiteBehavior [ RunTime:0.000067s ]
INFO: Run Common\Behavior\InitHookBehavior [ RunTime:0.004447s ]
INFO: [ app_init ] --END-- [ RunTime:0.005825s ]
INFO: [ app_begin ] --START--
INFO: Run Behavior\ReadHtmlCacheBehavior [ RunTime:0.001342s ]
INFO: [ app_begin ] --END-- [ RunTime:0.001676s ]
SQL: SHOW COLUMNS FROM `ot_config` [ RunTime:0.0366s ]
SQL: SELECT `type`,`name`,`value` FROM `ot_config` WHERE `status` = 1  [ RunTime:0.0195s ]
SQL: SHOW COLUMNS FROM `ot_aticle_cate` [ RunTime:0.0328s ]
SQL: SELECT * FROM `ot_aticle_cate` WHERE ( 1 ) ORDER BY displayorder desc  [ RunTime:0.0193s ]
NOTIC: [8] Undefined index: keyword E:\wwwds\otwebyys\Application\Home\Controller\ArticleController.class.php 第 38 行.
NOTIC: [8] Undefined index: page E:\wwwds\otwebyys\Application\Home\Controller\ArticleController.class.php 第 50 行.
NOTIC: [8] Undefined index: ftype E:\wwwds\otwebyys\Application\Home\Controller\ArticleController.class.php 第 55 行.
SQL: SHOW COLUMNS FROM `ot_document` [ RunTime:0.0338s ]
SQL: SHOW COLUMNS FROM `ot_document_article` [ RunTime:0.0332s ]
SQL: SHOW COLUMNS FROM `ot_picture` [ RunTime:0.0404s ]
SQL: SELECT COUNT(*) AS tp_count FROM ot_document document  JOIN ot_document_article document_article ON document_article.id=document.id LEFT JOIN ot_picture picture ON document.cover_id=picture.id WHERE ( document.status=1 and ftype =4 ) LIMIT 1   [ RunTime:0.0195s ]
SQL: SELECT document.id AS did,document.uid AS uid,document.name AS dname,document.title AS dtitle,document.category_id AS category_id,document.group_id AS group_id,document.description AS description,document.root AS root,document.pid AS pid,document.model_id AS model_id,document.type AS dtype,document.position AS position,document.link_id AS link_id,document.cover_id AS cover_id,document.view AS view,document.comment AS comment,document.extend AS extend,document.level AS level,document.status AS status,document.create_time AS create_time,document.litpic AS litpic,document_article.id AS id,document_article.parse AS parse,document_article.content AS content,document_article.template AS template,document_article.bookmark AS bookmark,document_article.ftype AS ftype,picture.path AS picpath FROM ot_document document  JOIN ot_document_article document_article ON document_article.id=document.id LEFT JOIN ot_picture picture ON document.cover_id=picture.id WHERE ( document.status=1 and ftype =4 ) ORDER BY document.level desc,document.id desc LIMIT 0,6   [ RunTime:0.0220s ]
SQL: SHOW COLUMNS FROM `ot_document_anli` [ RunTime:0.0361s ]
SQL: SHOW COLUMNS FROM `ot_document_shejishi` [ RunTime:0.0313s ]
SQL: SHOW COLUMNS FROM `ot_sys_enum_fengge` [ RunTime:0.0333s ]
SQL: SHOW COLUMNS FROM `ot_sys_enum_jushi` [ RunTime:0.0332s ]
SQL: SHOW COLUMNS FROM `ot_sys_enum_fangshi` [ RunTime:0.0324s ]
SQL: SELECT document.id AS did,document.uid AS uid,document.name AS dname,document.title AS dtitle,document.keywords AS keywords,document.description AS description,document.category_id AS category_id,document.group_id AS group_id,document.root AS root,document.pid AS pid,document.model_id AS model_id,document.type AS dtype,document.position AS position,document.link_id AS link_id,document.cover_id AS cover_id,document.view AS view,document.comment AS comment,document.extend AS extend,document.level AS level,document.status AS status,document.create_time AS create_time,document.litpic AS litpic,document_anli.id AS id,document_anli.aid AS aid,document_anli.fengge AS fengge,document_anli.imgids AS imgids,document_anli.shejishi AS shejishi,document_anli.loupan AS loupan,document_anli.mianji AS mianji,document_anli.jushi AS jushi,document_anli.zaojia AS zaojia,document_anli.fangshi AS fangshi,document_anli.zhucai AS zhucai,document_anli.gongqi AS gongqi,document_anli.home_pos AS home_pos,document_anli.home_cover AS home_cover,document_anli.home_sort AS home_sort,document_anli.edate AS edate,document_anli.rzloupan AS rzloupan,document_anli.detailpic AS detailpic,document_shejishi.nickname AS shejishiname,sys_enum_fengge.ename AS fenggename,sys_enum_jushi.ename AS jushiname,sys_enum_fangshi.ename AS fangshiname,picture.path AS picpath FROM ot_document document  JOIN ot_document_anli document_anli ON document_anli.id=document.id LEFT JOIN ot_document_shejishi document_shejishi ON document_anli.shejishi=document_shejishi.sno LEFT JOIN ot_sys_enum_fengge sys_enum_fengge ON document_anli.fengge=sys_enum_fengge.evalue LEFT JOIN ot_sys_enum_jushi sys_enum_jushi ON document_anli.jushi=sys_enum_jushi.evalue LEFT JOIN ot_sys_enum_fangshi sys_enum_fangshi ON document_anli.fangshi=sys_enum_fangshi.evalue LEFT JOIN ot_picture picture ON document.cover_id=picture.id WHERE document.status = 1 ORDER BY document.create_time desc LIMIT 3   [ RunTime:0.0215s ]
INFO: [ view_parse ] --START--
INFO: [ template_filter ] --START--
INFO: Run Behavior\ContentReplaceBehavior [ RunTime:0.000421s ]
INFO: [ template_filter ] --END-- [ RunTime:0.000900s ]
NOTIC: [8] Undefined index: title E:\wwwds\otwebyys\Runtime\Cache\Home\5231e2bbdb7b9edc1f0f29f2bbab2a6e.php 第 243 行.
INFO: Run Behavior\ParseTemplateBehavior [ RunTime:0.041452s ]
INFO: [ view_parse ] --END-- [ RunTime:0.041770s ]
INFO: [ view_filter ] --START--
INFO: Run Behavior\WriteHtmlCacheBehavior [ RunTime:0.000971s ]
INFO: [ view_filter ] --END-- [ RunTime:0.001264s ]
INFO: [ app_end ] --START--
INFO: Run Behavior\ShowPageTraceBehavior [ RunTime:0.002411s ]
INFO: [ app_end ] --END-- [ RunTime:0.003046s ]

[ 2018-11-13T17:28:38+08:00 ] 127.0.0.1 /index.php/home/other/getcount/?_=1542101318383
INFO: [ app_init ] --START--
INFO: Run Behavior\BuildLiteBehavior [ RunTime:0.000117s ]
INFO: Run Common\Behavior\InitHookBehavior [ RunTime:0.005821s ]
INFO: [ app_init ] --END-- [ RunTime:0.007726s ]
INFO: [ app_begin ] --START--
INFO: Run Behavior\ReadHtmlCacheBehavior [ RunTime:0.001222s ]
INFO: [ app_begin ] --END-- [ RunTime:0.001485s ]
SQL: SHOW COLUMNS FROM `ot_config` [ RunTime:0.0383s ]
SQL: SELECT `type`,`name`,`value` FROM `ot_config` WHERE `status` = 1  [ RunTime:0.0204s ]
SQL: SHOW COLUMNS FROM `ot_keyword_log` [ RunTime:0.0327s ]
SQL: SELECT `title`,count(id) count FROM `ot_keyword_log` GROUP BY title ORDER BY count(id) desc LIMIT 2   [ RunTime:0.0195s ]
NOTIC: [8] Undefined index: tst E:\wwwds\otwebyys\Application\Home\Controller\OtherController.class.php 第 211 行.

